<?xml version="1.0" encoding="UTF-8"?>
<testsuite xmlns:xsi="http://www.w3.org/2001/XMLSchema-instance" xsi:noNamespaceSchemaLocation="https://maven.apache.org/surefire/maven-surefire-plugin/xsd/surefire-test-report-3.0.xsd" version="3.0" name="com.memgres.storage.btree.BPlusTreeIndexTest" time="0.046" tests="14" errors="0" skipped="0" failures="0">
  <properties>
    <property name="java.specification.version" value="24"/>
    <property name="sun.jnu.encoding" value="UTF-8"/>
    <property name="java.class.path" value="/Users/sachingupta/CognisiveLabs/memgres/target/test-classes:/Users/sachingupta/CognisiveLabs/memgres/target/classes:/Users/sachingupta/.m2/repository/org/antlr/antlr4-runtime/4.13.1/antlr4-runtime-4.13.1.jar:/Users/sachingupta/.m2/repository/com/fasterxml/jackson/core/jackson-core/2.16.1/jackson-core-2.16.1.jar:/Users/sachingupta/.m2/repository/com/fasterxml/jackson/core/jackson-databind/2.16.1/jackson-databind-2.16.1.jar:/Users/sachingupta/.m2/repository/com/fasterxml/jackson/core/jackson-annotations/2.16.1/jackson-annotations-2.16.1.jar:/Users/sachingupta/.m2/repository/org/slf4j/slf4j-api/2.0.9/slf4j-api-2.0.9.jar:/Users/sachingupta/.m2/repository/ch/qos/logback/logback-classic/1.4.14/logback-classic-1.4.14.jar:/Users/sachingupta/.m2/repository/ch/qos/logback/logback-core/1.4.14/logback-core-1.4.14.jar:/Users/sachingupta/.m2/repository/com/github/ben-manes/caffeine/caffeine/3.1.8/caffeine-3.1.8.jar:/Users/sachingupta/.m2/repository/org/checkerframework/checker-qual/3.37.0/checker-qual-3.37.0.jar:/Users/sachingupta/.m2/repository/com/google/errorprone/error_prone_annotations/2.21.1/error_prone_annotations-2.21.1.jar:/Users/sachingupta/.m2/repository/org/junit/jupiter/junit-jupiter/5.10.1/junit-jupiter-5.10.1.jar:/Users/sachingupta/.m2/repository/org/junit/jupiter/junit-jupiter-api/5.10.1/junit-jupiter-api-5.10.1.jar:/Users/sachingupta/.m2/repository/org/opentest4j/opentest4j/1.3.0/opentest4j-1.3.0.jar:/Users/sachingupta/.m2/repository/org/junit/platform/junit-platform-commons/1.10.1/junit-platform-commons-1.10.1.jar:/Users/sachingupta/.m2/repository/org/apiguardian/apiguardian-api/1.1.2/apiguardian-api-1.1.2.jar:/Users/sachingupta/.m2/repository/org/junit/jupiter/junit-jupiter-params/5.10.1/junit-jupiter-params-5.10.1.jar:/Users/sachingupta/.m2/repository/org/junit/jupiter/junit-jupiter-engine/5.10.1/junit-jupiter-engine-5.10.1.jar:/Users/sachingupta/.m2/repository/org/junit/platform/junit-platform-engine/1.10.1/junit-platform-engine-1.10.1.jar:/Users/sachingupta/.m2/repository/org/testng/testng/7.8.0/testng-7.8.0.jar:/Users/sachingupta/.m2/repository/com/beust/jcommander/1.82/jcommander-1.82.jar:/Users/sachingupta/.m2/repository/org/webjars/jquery/3.6.1/jquery-3.6.1.jar:/Users/sachingupta/.m2/repository/org/mockito/mockito-core/5.8.0/mockito-core-5.8.0.jar:/Users/sachingupta/.m2/repository/net/bytebuddy/byte-buddy/1.14.10/byte-buddy-1.14.10.jar:/Users/sachingupta/.m2/repository/net/bytebuddy/byte-buddy-agent/1.14.10/byte-buddy-agent-1.14.10.jar:/Users/sachingupta/.m2/repository/org/objenesis/objenesis/3.3/objenesis-3.3.jar:/Users/sachingupta/.m2/repository/org/testcontainers/postgresql/1.19.3/postgresql-1.19.3.jar:/Users/sachingupta/.m2/repository/org/testcontainers/jdbc/1.19.3/jdbc-1.19.3.jar:/Users/sachingupta/.m2/repository/org/testcontainers/database-commons/1.19.3/database-commons-1.19.3.jar:/Users/sachingupta/.m2/repository/org/testcontainers/junit-jupiter/1.19.3/junit-jupiter-1.19.3.jar:/Users/sachingupta/.m2/repository/org/testcontainers/testcontainers/1.19.3/testcontainers-1.19.3.jar:/Users/sachingupta/.m2/repository/junit/junit/4.13.2/junit-4.13.2.jar:/Users/sachingupta/.m2/repository/org/hamcrest/hamcrest-core/1.3/hamcrest-core-1.3.jar:/Users/sachingupta/.m2/repository/org/apache/commons/commons-compress/1.24.0/commons-compress-1.24.0.jar:/Users/sachingupta/.m2/repository/org/rnorth/duct-tape/duct-tape/1.0.8/duct-tape-1.0.8.jar:/Users/sachingupta/.m2/repository/org/jetbrains/annotations/17.0.0/annotations-17.0.0.jar:/Users/sachingupta/.m2/repository/com/github/docker-java/docker-java-api/3.3.4/docker-java-api-3.3.4.jar:/Users/sachingupta/.m2/repository/com/github/docker-java/docker-java-transport-zerodep/3.3.4/docker-java-transport-zerodep-3.3.4.jar:/Users/sachingupta/.m2/repository/com/github/docker-java/docker-java-transport/3.3.4/docker-java-transport-3.3.4.jar:/Users/sachingupta/.m2/repository/net/java/dev/jna/jna/5.13.0/jna-5.13.0.jar:"/>
    <property name="java.vm.vendor" value="Homebrew"/>
    <property name="sun.arch.data.model" value="64"/>
    <property name="java.vendor.url" value="https://github.com/Homebrew/homebrew-core/issues"/>
    <property name="user.timezone" value="Europe/London"/>
    <property name="os.name" value="Mac OS X"/>
    <property name="java.vm.specification.version" value="24"/>
    <property name="sun.java.launcher" value="SUN_STANDARD"/>
    <property name="user.country" value="GB"/>
    <property name="sun.boot.library.path" value="/opt/homebrew/Cellar/openjdk/24.0.1/libexec/openjdk.jdk/Contents/Home/lib"/>
    <property name="sun.java.command" value="/Users/sachingupta/CognisiveLabs/memgres/target/surefire/surefirebooter-20250808132922739_3.jar /Users/sachingupta/CognisiveLabs/memgres/target/surefire 2025-08-08T13-29-22_635-jvmRun1 surefire-20250808132922739_1tmp surefire_0-20250808132922739_2tmp"/>
    <property name="http.nonProxyHosts" value="local|*.local|169.254/16|*.169.254/16"/>
    <property name="jdk.debug" value="release"/>
    <property name="surefire.test.class.path" value="/Users/sachingupta/CognisiveLabs/memgres/target/test-classes:/Users/sachingupta/CognisiveLabs/memgres/target/classes:/Users/sachingupta/.m2/repository/org/antlr/antlr4-runtime/4.13.1/antlr4-runtime-4.13.1.jar:/Users/sachingupta/.m2/repository/com/fasterxml/jackson/core/jackson-core/2.16.1/jackson-core-2.16.1.jar:/Users/sachingupta/.m2/repository/com/fasterxml/jackson/core/jackson-databind/2.16.1/jackson-databind-2.16.1.jar:/Users/sachingupta/.m2/repository/com/fasterxml/jackson/core/jackson-annotations/2.16.1/jackson-annotations-2.16.1.jar:/Users/sachingupta/.m2/repository/org/slf4j/slf4j-api/2.0.9/slf4j-api-2.0.9.jar:/Users/sachingupta/.m2/repository/ch/qos/logback/logback-classic/1.4.14/logback-classic-1.4.14.jar:/Users/sachingupta/.m2/repository/ch/qos/logback/logback-core/1.4.14/logback-core-1.4.14.jar:/Users/sachingupta/.m2/repository/com/github/ben-manes/caffeine/caffeine/3.1.8/caffeine-3.1.8.jar:/Users/sachingupta/.m2/repository/org/checkerframework/checker-qual/3.37.0/checker-qual-3.37.0.jar:/Users/sachingupta/.m2/repository/com/google/errorprone/error_prone_annotations/2.21.1/error_prone_annotations-2.21.1.jar:/Users/sachingupta/.m2/repository/org/junit/jupiter/junit-jupiter/5.10.1/junit-jupiter-5.10.1.jar:/Users/sachingupta/.m2/repository/org/junit/jupiter/junit-jupiter-api/5.10.1/junit-jupiter-api-5.10.1.jar:/Users/sachingupta/.m2/repository/org/opentest4j/opentest4j/1.3.0/opentest4j-1.3.0.jar:/Users/sachingupta/.m2/repository/org/junit/platform/junit-platform-commons/1.10.1/junit-platform-commons-1.10.1.jar:/Users/sachingupta/.m2/repository/org/apiguardian/apiguardian-api/1.1.2/apiguardian-api-1.1.2.jar:/Users/sachingupta/.m2/repository/org/junit/jupiter/junit-jupiter-params/5.10.1/junit-jupiter-params-5.10.1.jar:/Users/sachingupta/.m2/repository/org/junit/jupiter/junit-jupiter-engine/5.10.1/junit-jupiter-engine-5.10.1.jar:/Users/sachingupta/.m2/repository/org/junit/platform/junit-platform-engine/1.10.1/junit-platform-engine-1.10.1.jar:/Users/sachingupta/.m2/repository/org/testng/testng/7.8.0/testng-7.8.0.jar:/Users/sachingupta/.m2/repository/com/beust/jcommander/1.82/jcommander-1.82.jar:/Users/sachingupta/.m2/repository/org/webjars/jquery/3.6.1/jquery-3.6.1.jar:/Users/sachingupta/.m2/repository/org/mockito/mockito-core/5.8.0/mockito-core-5.8.0.jar:/Users/sachingupta/.m2/repository/net/bytebuddy/byte-buddy/1.14.10/byte-buddy-1.14.10.jar:/Users/sachingupta/.m2/repository/net/bytebuddy/byte-buddy-agent/1.14.10/byte-buddy-agent-1.14.10.jar:/Users/sachingupta/.m2/repository/org/objenesis/objenesis/3.3/objenesis-3.3.jar:/Users/sachingupta/.m2/repository/org/testcontainers/postgresql/1.19.3/postgresql-1.19.3.jar:/Users/sachingupta/.m2/repository/org/testcontainers/jdbc/1.19.3/jdbc-1.19.3.jar:/Users/sachingupta/.m2/repository/org/testcontainers/database-commons/1.19.3/database-commons-1.19.3.jar:/Users/sachingupta/.m2/repository/org/testcontainers/junit-jupiter/1.19.3/junit-jupiter-1.19.3.jar:/Users/sachingupta/.m2/repository/org/testcontainers/testcontainers/1.19.3/testcontainers-1.19.3.jar:/Users/sachingupta/.m2/repository/junit/junit/4.13.2/junit-4.13.2.jar:/Users/sachingupta/.m2/repository/org/hamcrest/hamcrest-core/1.3/hamcrest-core-1.3.jar:/Users/sachingupta/.m2/repository/org/apache/commons/commons-compress/1.24.0/commons-compress-1.24.0.jar:/Users/sachingupta/.m2/repository/org/rnorth/duct-tape/duct-tape/1.0.8/duct-tape-1.0.8.jar:/Users/sachingupta/.m2/repository/org/jetbrains/annotations/17.0.0/annotations-17.0.0.jar:/Users/sachingupta/.m2/repository/com/github/docker-java/docker-java-api/3.3.4/docker-java-api-3.3.4.jar:/Users/sachingupta/.m2/repository/com/github/docker-java/docker-java-transport-zerodep/3.3.4/docker-java-transport-zerodep-3.3.4.jar:/Users/sachingupta/.m2/repository/com/github/docker-java/docker-java-transport/3.3.4/docker-java-transport-3.3.4.jar:/Users/sachingupta/.m2/repository/net/java/dev/jna/jna/5.13.0/jna-5.13.0.jar:"/>
    <property name="sun.cpu.endian" value="little"/>
    <property name="user.home" value="/Users/sachingupta"/>
    <property name="user.language" value="en"/>
    <property name="java.specification.vendor" value="Oracle Corporation"/>
    <property name="java.version.date" value="2025-04-15"/>
    <property name="java.home" value="/opt/homebrew/Cellar/openjdk/24.0.1/libexec/openjdk.jdk/Contents/Home"/>
    <property name="file.separator" value="/"/>
    <property name="basedir" value="/Users/sachingupta/CognisiveLabs/memgres"/>
    <property name="java.vm.compressedOopsMode" value="Zero based"/>
    <property name="line.separator" value="&#10;"/>
    <property name="java.vm.specification.vendor" value="Oracle Corporation"/>
    <property name="java.specification.name" value="Java Platform API Specification"/>
    <property name="apple.awt.application.name" value="ForkedBooter"/>
    <property name="surefire.real.class.path" value="/Users/sachingupta/CognisiveLabs/memgres/target/surefire/surefirebooter-20250808132922739_3.jar"/>
    <property name="sun.management.compiler" value="HotSpot 64-Bit Tiered Compilers"/>
    <property name="ftp.nonProxyHosts" value="local|*.local|169.254/16|*.169.254/16"/>
    <property name="java.runtime.version" value="24.0.1"/>
    <property name="user.name" value="sachingupta"/>
    <property name="stdout.encoding" value="UTF-8"/>
    <property name="path.separator" value=":"/>
    <property name="os.version" value="15.5"/>
    <property name="java.runtime.name" value="OpenJDK Runtime Environment"/>
    <property name="file.encoding" value="UTF-8"/>
    <property name="java.vm.name" value="OpenJDK 64-Bit Server VM"/>
    <property name="java.vendor.version" value="Homebrew"/>
    <property name="localRepository" value="/Users/sachingupta/.m2/repository"/>
    <property name="java.vendor.url.bug" value="https://github.com/Homebrew/homebrew-core/issues"/>
    <property name="java.io.tmpdir" value="/var/folders/yd/g5ftnqb52k1g83p_zq4qwpkh0000gn/T/"/>
    <property name="java.version" value="24.0.1"/>
    <property name="user.dir" value="/Users/sachingupta/CognisiveLabs/memgres"/>
    <property name="os.arch" value="aarch64"/>
    <property name="java.vm.specification.name" value="Java Virtual Machine Specification"/>
    <property name="native.encoding" value="UTF-8"/>
    <property name="java.library.path" value="/Users/sachingupta/Library/Java/Extensions:/Library/Java/Extensions:/Network/Library/Java/Extensions:/System/Library/Java/Extensions:/usr/lib/java:."/>
    <property name="java.vm.info" value="mixed mode, sharing"/>
    <property name="stderr.encoding" value="UTF-8"/>
    <property name="java.vendor" value="Homebrew"/>
    <property name="java.vm.version" value="24.0.1"/>
    <property name="sun.io.unicode.encoding" value="UnicodeBig"/>
    <property name="socksNonProxyHosts" value="local|*.local|169.254/16|*.169.254/16"/>
    <property name="java.class.version" value="68.0"/>
  </properties>
  <testcase name="testToString" classname="com.memgres.storage.btree.BPlusTreeIndexTest" time="0.019">
    <system-out><![CDATA[13:29:24.038 [main] DEBUG com.memgres.storage.Schema -- Created schema: testdb
13:29:24.047 [main] DEBUG com.memgres.storage.Table -- Created table: users with 3 columns
13:29:24.047 [main] DEBUG com.memgres.storage.btree.BPlusTree -- Created B+ tree with order 4
13:29:24.048 [main] DEBUG com.memgres.storage.btree.BPlusTreeIndex -- Building initial B+ tree index for idx_name on column name
13:29:24.048 [main] DEBUG com.memgres.storage.btree.BPlusTreeIndex -- Initial B+ tree index built with 0 entries and 0 total row references
13:29:24.048 [main] DEBUG com.memgres.storage.btree.BPlusTreeIndex -- Created B+ tree index idx_name on column name for table users with order 4
13:29:24.048 [main] DEBUG com.memgres.storage.btree.BPlusTree -- Created B+ tree with order 4
13:29:24.048 [main] DEBUG com.memgres.storage.btree.BPlusTreeIndex -- Building initial B+ tree index for idx_age on column age
13:29:24.048 [main] DEBUG com.memgres.storage.btree.BPlusTreeIndex -- Initial B+ tree index built with 0 entries and 0 total row references
13:29:24.048 [main] DEBUG com.memgres.storage.btree.BPlusTreeIndex -- Created B+ tree index idx_age on column age for table users with order 4
13:29:24.049 [main] DEBUG com.memgres.storage.Table -- Inserted row 1 into table users
]]></system-out>
  </testcase>
  <testcase name="testClearOperation" classname="com.memgres.storage.btree.BPlusTreeIndexTest" time="0.002">
    <system-out><![CDATA[13:29:24.057 [main] DEBUG com.memgres.storage.Schema -- Created schema: testdb
13:29:24.057 [main] DEBUG com.memgres.storage.Table -- Created table: users with 3 columns
13:29:24.057 [main] DEBUG com.memgres.storage.btree.BPlusTree -- Created B+ tree with order 4
13:29:24.057 [main] DEBUG com.memgres.storage.btree.BPlusTreeIndex -- Building initial B+ tree index for idx_name on column name
13:29:24.057 [main] DEBUG com.memgres.storage.btree.BPlusTreeIndex -- Initial B+ tree index built with 0 entries and 0 total row references
13:29:24.057 [main] DEBUG com.memgres.storage.btree.BPlusTreeIndex -- Created B+ tree index idx_name on column name for table users with order 4
13:29:24.057 [main] DEBUG com.memgres.storage.btree.BPlusTree -- Created B+ tree with order 4
13:29:24.057 [main] DEBUG com.memgres.storage.btree.BPlusTreeIndex -- Building initial B+ tree index for idx_age on column age
13:29:24.057 [main] DEBUG com.memgres.storage.btree.BPlusTreeIndex -- Initial B+ tree index built with 0 entries and 0 total row references
13:29:24.057 [main] DEBUG com.memgres.storage.btree.BPlusTreeIndex -- Created B+ tree index idx_age on column age for table users with order 4
13:29:24.058 [main] DEBUG com.memgres.storage.Table -- Inserted row 1 into table users
13:29:24.058 [main] DEBUG com.memgres.storage.Table -- Inserted row 2 into table users
13:29:24.058 [main] DEBUG com.memgres.storage.Table -- Inserted row 3 into table users
13:29:24.058 [main] DEBUG com.memgres.storage.Table -- Inserted row 4 into table users
13:29:24.058 [main] DEBUG com.memgres.storage.Table -- Inserted row 5 into table users
13:29:24.058 [main] DEBUG com.memgres.storage.btree.BPlusTree -- Cleared B+ tree
13:29:24.058 [main] DEBUG com.memgres.storage.btree.BPlusTreeIndex -- Cleared B+ tree index idx_name
]]></system-out>
  </testcase>
  <testcase name="testStatistics" classname="com.memgres.storage.btree.BPlusTreeIndexTest" time="0.002">
    <system-out><![CDATA[13:29:24.060 [main] DEBUG com.memgres.storage.Schema -- Created schema: testdb
13:29:24.060 [main] DEBUG com.memgres.storage.Table -- Created table: users with 3 columns
13:29:24.060 [main] DEBUG com.memgres.storage.btree.BPlusTree -- Created B+ tree with order 4
13:29:24.060 [main] DEBUG com.memgres.storage.btree.BPlusTreeIndex -- Building initial B+ tree index for idx_name on column name
13:29:24.060 [main] DEBUG com.memgres.storage.btree.BPlusTreeIndex -- Initial B+ tree index built with 0 entries and 0 total row references
13:29:24.060 [main] DEBUG com.memgres.storage.btree.BPlusTreeIndex -- Created B+ tree index idx_name on column name for table users with order 4
13:29:24.060 [main] DEBUG com.memgres.storage.btree.BPlusTree -- Created B+ tree with order 4
13:29:24.060 [main] DEBUG com.memgres.storage.btree.BPlusTreeIndex -- Building initial B+ tree index for idx_age on column age
13:29:24.060 [main] DEBUG com.memgres.storage.btree.BPlusTreeIndex -- Initial B+ tree index built with 0 entries and 0 total row references
13:29:24.060 [main] DEBUG com.memgres.storage.btree.BPlusTreeIndex -- Created B+ tree index idx_age on column age for table users with order 4
13:29:24.061 [main] DEBUG com.memgres.storage.Table -- Inserted row 1 into table users
13:29:24.061 [main] DEBUG com.memgres.storage.Table -- Inserted row 2 into table users
13:29:24.061 [main] DEBUG com.memgres.storage.Table -- Inserted row 3 into table users
13:29:24.061 [main] DEBUG com.memgres.storage.Table -- Inserted row 4 into table users
13:29:24.061 [main] DEBUG com.memgres.storage.Table -- Inserted row 5 into table users
13:29:24.061 [main] DEBUG com.memgres.storage.Table -- Inserted row 6 into table users
13:29:24.061 [main] DEBUG com.memgres.storage.Table -- Inserted row 7 into table users
13:29:24.061 [main] DEBUG com.memgres.storage.Table -- Inserted row 8 into table users
13:29:24.061 [main] DEBUG com.memgres.storage.Table -- Inserted row 9 into table users
13:29:24.061 [main] DEBUG com.memgres.storage.Table -- Inserted row 10 into table users
]]></system-out>
  </testcase>
  <testcase name="testGetAllKeys" classname="com.memgres.storage.btree.BPlusTreeIndexTest" time="0.001">
    <system-out><![CDATA[13:29:24.063 [main] DEBUG com.memgres.storage.Schema -- Created schema: testdb
13:29:24.063 [main] DEBUG com.memgres.storage.Table -- Created table: users with 3 columns
13:29:24.063 [main] DEBUG com.memgres.storage.btree.BPlusTree -- Created B+ tree with order 4
13:29:24.063 [main] DEBUG com.memgres.storage.btree.BPlusTreeIndex -- Building initial B+ tree index for idx_name on column name
13:29:24.063 [main] DEBUG com.memgres.storage.btree.BPlusTreeIndex -- Initial B+ tree index built with 0 entries and 0 total row references
13:29:24.063 [main] DEBUG com.memgres.storage.btree.BPlusTreeIndex -- Created B+ tree index idx_name on column name for table users with order 4
13:29:24.063 [main] DEBUG com.memgres.storage.btree.BPlusTree -- Created B+ tree with order 4
13:29:24.063 [main] DEBUG com.memgres.storage.btree.BPlusTreeIndex -- Building initial B+ tree index for idx_age on column age
13:29:24.063 [main] DEBUG com.memgres.storage.btree.BPlusTreeIndex -- Initial B+ tree index built with 0 entries and 0 total row references
13:29:24.063 [main] DEBUG com.memgres.storage.btree.BPlusTreeIndex -- Created B+ tree index idx_age on column age for table users with order 4
13:29:24.063 [main] DEBUG com.memgres.storage.Table -- Inserted row 1 into table users
13:29:24.063 [main] DEBUG com.memgres.storage.Table -- Inserted row 2 into table users
13:29:24.063 [main] DEBUG com.memgres.storage.Table -- Inserted row 3 into table users
13:29:24.063 [main] DEBUG com.memgres.storage.Table -- Inserted row 4 into table users
13:29:24.063 [main] DEBUG com.memgres.storage.Table -- Inserted row 5 into table users
]]></system-out>
  </testcase>
  <testcase name="testColumnNotFound" classname="com.memgres.storage.btree.BPlusTreeIndexTest" time="0.002">
    <system-out><![CDATA[13:29:24.065 [main] DEBUG com.memgres.storage.Schema -- Created schema: testdb
13:29:24.065 [main] DEBUG com.memgres.storage.Table -- Created table: users with 3 columns
13:29:24.065 [main] DEBUG com.memgres.storage.btree.BPlusTree -- Created B+ tree with order 4
13:29:24.065 [main] DEBUG com.memgres.storage.btree.BPlusTreeIndex -- Building initial B+ tree index for idx_name on column name
13:29:24.065 [main] DEBUG com.memgres.storage.btree.BPlusTreeIndex -- Initial B+ tree index built with 0 entries and 0 total row references
13:29:24.065 [main] DEBUG com.memgres.storage.btree.BPlusTreeIndex -- Created B+ tree index idx_name on column name for table users with order 4
13:29:24.065 [main] DEBUG com.memgres.storage.btree.BPlusTree -- Created B+ tree with order 4
13:29:24.065 [main] DEBUG com.memgres.storage.btree.BPlusTreeIndex -- Building initial B+ tree index for idx_age on column age
13:29:24.065 [main] DEBUG com.memgres.storage.btree.BPlusTreeIndex -- Initial B+ tree index built with 0 entries and 0 total row references
13:29:24.065 [main] DEBUG com.memgres.storage.btree.BPlusTreeIndex -- Created B+ tree index idx_age on column age for table users with order 4
13:29:24.065 [main] DEBUG com.memgres.storage.btree.BPlusTree -- Created B+ tree with order 64
]]></system-out>
  </testcase>
  <testcase name="testInsertAndIndexUpdate" classname="com.memgres.storage.btree.BPlusTreeIndexTest" time="0.001">
    <system-out><![CDATA[13:29:24.067 [main] DEBUG com.memgres.storage.Schema -- Created schema: testdb
13:29:24.067 [main] DEBUG com.memgres.storage.Table -- Created table: users with 3 columns
13:29:24.067 [main] DEBUG com.memgres.storage.btree.BPlusTree -- Created B+ tree with order 4
13:29:24.067 [main] DEBUG com.memgres.storage.btree.BPlusTreeIndex -- Building initial B+ tree index for idx_name on column name
13:29:24.067 [main] DEBUG com.memgres.storage.btree.BPlusTreeIndex -- Initial B+ tree index built with 0 entries and 0 total row references
13:29:24.067 [main] DEBUG com.memgres.storage.btree.BPlusTreeIndex -- Created B+ tree index idx_name on column name for table users with order 4
13:29:24.067 [main] DEBUG com.memgres.storage.btree.BPlusTree -- Created B+ tree with order 4
13:29:24.067 [main] DEBUG com.memgres.storage.btree.BPlusTreeIndex -- Building initial B+ tree index for idx_age on column age
13:29:24.067 [main] DEBUG com.memgres.storage.btree.BPlusTreeIndex -- Initial B+ tree index built with 0 entries and 0 total row references
13:29:24.067 [main] DEBUG com.memgres.storage.btree.BPlusTreeIndex -- Created B+ tree index idx_age on column age for table users with order 4
13:29:24.067 [main] DEBUG com.memgres.storage.Table -- Inserted row 1 into table users
13:29:24.067 [main] DEBUG com.memgres.storage.Table -- Inserted row 2 into table users
13:29:24.067 [main] DEBUG com.memgres.storage.Table -- Inserted row 3 into table users
]]></system-out>
  </testcase>
  <testcase name="testIndexCreation" classname="com.memgres.storage.btree.BPlusTreeIndexTest" time="0.001">
    <system-out><![CDATA[13:29:24.069 [main] DEBUG com.memgres.storage.Schema -- Created schema: testdb
13:29:24.069 [main] DEBUG com.memgres.storage.Table -- Created table: users with 3 columns
13:29:24.069 [main] DEBUG com.memgres.storage.btree.BPlusTree -- Created B+ tree with order 4
13:29:24.069 [main] DEBUG com.memgres.storage.btree.BPlusTreeIndex -- Building initial B+ tree index for idx_name on column name
13:29:24.069 [main] DEBUG com.memgres.storage.btree.BPlusTreeIndex -- Initial B+ tree index built with 0 entries and 0 total row references
13:29:24.069 [main] DEBUG com.memgres.storage.btree.BPlusTreeIndex -- Created B+ tree index idx_name on column name for table users with order 4
13:29:24.069 [main] DEBUG com.memgres.storage.btree.BPlusTree -- Created B+ tree with order 4
13:29:24.069 [main] DEBUG com.memgres.storage.btree.BPlusTreeIndex -- Building initial B+ tree index for idx_age on column age
13:29:24.069 [main] DEBUG com.memgres.storage.btree.BPlusTreeIndex -- Initial B+ tree index built with 0 entries and 0 total row references
13:29:24.069 [main] DEBUG com.memgres.storage.btree.BPlusTreeIndex -- Created B+ tree index idx_age on column age for table users with order 4
]]></system-out>
  </testcase>
  <testcase name="testDifferentColumnTypes" classname="com.memgres.storage.btree.BPlusTreeIndexTest" time="0.001">
    <system-out><![CDATA[13:29:24.070 [main] DEBUG com.memgres.storage.Schema -- Created schema: testdb
13:29:24.070 [main] DEBUG com.memgres.storage.Table -- Created table: users with 3 columns
13:29:24.070 [main] DEBUG com.memgres.storage.btree.BPlusTree -- Created B+ tree with order 4
13:29:24.070 [main] DEBUG com.memgres.storage.btree.BPlusTreeIndex -- Building initial B+ tree index for idx_name on column name
13:29:24.070 [main] DEBUG com.memgres.storage.btree.BPlusTreeIndex -- Initial B+ tree index built with 0 entries and 0 total row references
13:29:24.070 [main] DEBUG com.memgres.storage.btree.BPlusTreeIndex -- Created B+ tree index idx_name on column name for table users with order 4
13:29:24.070 [main] DEBUG com.memgres.storage.btree.BPlusTree -- Created B+ tree with order 4
13:29:24.070 [main] DEBUG com.memgres.storage.btree.BPlusTreeIndex -- Building initial B+ tree index for idx_age on column age
13:29:24.070 [main] DEBUG com.memgres.storage.btree.BPlusTreeIndex -- Initial B+ tree index built with 0 entries and 0 total row references
13:29:24.070 [main] DEBUG com.memgres.storage.btree.BPlusTreeIndex -- Created B+ tree index idx_age on column age for table users with order 4
13:29:24.070 [main] DEBUG com.memgres.storage.Table -- Inserted row 1 into table users
13:29:24.070 [main] DEBUG com.memgres.storage.Table -- Inserted row 2 into table users
13:29:24.070 [main] DEBUG com.memgres.storage.Table -- Inserted row 3 into table users
13:29:24.070 [main] DEBUG com.memgres.storage.Table -- Inserted row 4 into table users
13:29:24.070 [main] DEBUG com.memgres.storage.Table -- Inserted row 5 into table users
13:29:24.070 [main] DEBUG com.memgres.storage.Table -- Inserted row 6 into table users
13:29:24.070 [main] DEBUG com.memgres.storage.Table -- Inserted row 7 into table users
13:29:24.070 [main] DEBUG com.memgres.storage.Table -- Inserted row 8 into table users
13:29:24.070 [main] DEBUG com.memgres.storage.Table -- Inserted row 9 into table users
13:29:24.070 [main] DEBUG com.memgres.storage.Table -- Inserted row 10 into table users
13:29:24.070 [main] DEBUG com.memgres.storage.Table -- Created table: test_table with 2 columns
13:29:24.070 [main] DEBUG com.memgres.storage.btree.BPlusTree -- Created B+ tree with order 64
13:29:24.070 [main] DEBUG com.memgres.storage.btree.BPlusTreeIndex -- Building initial B+ tree index for idx_obj on column data
13:29:24.070 [main] DEBUG com.memgres.storage.btree.BPlusTreeIndex -- Initial B+ tree index built with 0 entries and 0 total row references
13:29:24.070 [main] DEBUG com.memgres.storage.btree.BPlusTreeIndex -- Created B+ tree index idx_obj on column data for table test_table with order 64
13:29:24.070 [main] DEBUG com.memgres.storage.Table -- Inserted row 1 into table test_table
]]></system-out>
  </testcase>
  <testcase name="testRangeQueries" classname="com.memgres.storage.btree.BPlusTreeIndexTest" time="0.001">
    <system-out><![CDATA[13:29:24.071 [main] DEBUG com.memgres.storage.Schema -- Created schema: testdb
13:29:24.071 [main] DEBUG com.memgres.storage.Table -- Created table: users with 3 columns
13:29:24.071 [main] DEBUG com.memgres.storage.btree.BPlusTree -- Created B+ tree with order 4
13:29:24.071 [main] DEBUG com.memgres.storage.btree.BPlusTreeIndex -- Building initial B+ tree index for idx_name on column name
13:29:24.071 [main] DEBUG com.memgres.storage.btree.BPlusTreeIndex -- Initial B+ tree index built with 0 entries and 0 total row references
13:29:24.071 [main] DEBUG com.memgres.storage.btree.BPlusTreeIndex -- Created B+ tree index idx_name on column name for table users with order 4
13:29:24.071 [main] DEBUG com.memgres.storage.btree.BPlusTree -- Created B+ tree with order 4
13:29:24.071 [main] DEBUG com.memgres.storage.btree.BPlusTreeIndex -- Building initial B+ tree index for idx_age on column age
13:29:24.071 [main] DEBUG com.memgres.storage.btree.BPlusTreeIndex -- Initial B+ tree index built with 0 entries and 0 total row references
13:29:24.071 [main] DEBUG com.memgres.storage.btree.BPlusTreeIndex -- Created B+ tree index idx_age on column age for table users with order 4
13:29:24.072 [main] DEBUG com.memgres.storage.Table -- Inserted row 1 into table users
13:29:24.072 [main] DEBUG com.memgres.storage.Table -- Inserted row 2 into table users
13:29:24.072 [main] DEBUG com.memgres.storage.Table -- Inserted row 3 into table users
13:29:24.072 [main] DEBUG com.memgres.storage.Table -- Inserted row 4 into table users
13:29:24.072 [main] DEBUG com.memgres.storage.Table -- Inserted row 5 into table users
13:29:24.072 [main] DEBUG com.memgres.storage.Table -- Inserted row 6 into table users
13:29:24.072 [main] DEBUG com.memgres.storage.Table -- Inserted row 7 into table users
13:29:24.072 [main] DEBUG com.memgres.storage.Table -- Inserted row 8 into table users
13:29:24.072 [main] DEBUG com.memgres.storage.Table -- Inserted row 9 into table users
13:29:24.072 [main] DEBUG com.memgres.storage.Table -- Inserted row 10 into table users
]]></system-out>
  </testcase>
  <testcase name="testInvalidIndexCreation" classname="com.memgres.storage.btree.BPlusTreeIndexTest" time="0.002">
    <system-out><![CDATA[13:29:24.072 [main] DEBUG com.memgres.storage.Schema -- Created schema: testdb
13:29:24.072 [main] DEBUG com.memgres.storage.Table -- Created table: users with 3 columns
13:29:24.072 [main] DEBUG com.memgres.storage.btree.BPlusTree -- Created B+ tree with order 4
13:29:24.072 [main] DEBUG com.memgres.storage.btree.BPlusTreeIndex -- Building initial B+ tree index for idx_name on column name
13:29:24.072 [main] DEBUG com.memgres.storage.btree.BPlusTreeIndex -- Initial B+ tree index built with 0 entries and 0 total row references
13:29:24.072 [main] DEBUG com.memgres.storage.btree.BPlusTreeIndex -- Created B+ tree index idx_name on column name for table users with order 4
13:29:24.072 [main] DEBUG com.memgres.storage.btree.BPlusTree -- Created B+ tree with order 4
13:29:24.072 [main] DEBUG com.memgres.storage.btree.BPlusTreeIndex -- Building initial B+ tree index for idx_age on column age
13:29:24.072 [main] DEBUG com.memgres.storage.btree.BPlusTreeIndex -- Initial B+ tree index built with 0 entries and 0 total row references
13:29:24.072 [main] DEBUG com.memgres.storage.btree.BPlusTreeIndex -- Created B+ tree index idx_age on column age for table users with order 4
]]></system-out>
  </testcase>
  <testcase name="testRebuildOperation" classname="com.memgres.storage.btree.BPlusTreeIndexTest" time="0.0">
    <system-out><![CDATA[13:29:24.074 [main] DEBUG com.memgres.storage.Schema -- Created schema: testdb
13:29:24.074 [main] DEBUG com.memgres.storage.Table -- Created table: users with 3 columns
13:29:24.074 [main] DEBUG com.memgres.storage.btree.BPlusTree -- Created B+ tree with order 4
13:29:24.074 [main] DEBUG com.memgres.storage.btree.BPlusTreeIndex -- Building initial B+ tree index for idx_name on column name
13:29:24.074 [main] DEBUG com.memgres.storage.btree.BPlusTreeIndex -- Initial B+ tree index built with 0 entries and 0 total row references
13:29:24.074 [main] DEBUG com.memgres.storage.btree.BPlusTreeIndex -- Created B+ tree index idx_name on column name for table users with order 4
13:29:24.074 [main] DEBUG com.memgres.storage.btree.BPlusTree -- Created B+ tree with order 4
13:29:24.074 [main] DEBUG com.memgres.storage.btree.BPlusTreeIndex -- Building initial B+ tree index for idx_age on column age
13:29:24.074 [main] DEBUG com.memgres.storage.btree.BPlusTreeIndex -- Initial B+ tree index built with 0 entries and 0 total row references
13:29:24.074 [main] DEBUG com.memgres.storage.btree.BPlusTreeIndex -- Created B+ tree index idx_age on column age for table users with order 4
13:29:24.074 [main] DEBUG com.memgres.storage.Table -- Inserted row 1 into table users
13:29:24.074 [main] DEBUG com.memgres.storage.Table -- Inserted row 2 into table users
13:29:24.074 [main] DEBUG com.memgres.storage.Table -- Inserted row 3 into table users
13:29:24.074 [main] DEBUG com.memgres.storage.btree.BPlusTreeIndex -- Rebuilding B+ tree index idx_name
13:29:24.074 [main] DEBUG com.memgres.storage.btree.BPlusTree -- Cleared B+ tree
13:29:24.074 [main] DEBUG com.memgres.storage.btree.BPlusTreeIndex -- Building initial B+ tree index for idx_name on column name
13:29:24.074 [main] DEBUG com.memgres.storage.btree.BPlusTreeIndex -- Initial B+ tree index built with 3 entries and 3 total row references
13:29:24.074 [main] DEBUG com.memgres.storage.btree.BPlusTreeIndex -- Rebuilt B+ tree index idx_name with 3 entries and 3 total row references
]]></system-out>
  </testcase>
  <testcase name="testDeleteOperations" classname="com.memgres.storage.btree.BPlusTreeIndexTest" time="0.002">
    <system-out><![CDATA[13:29:24.075 [main] DEBUG com.memgres.storage.Schema -- Created schema: testdb
13:29:24.075 [main] DEBUG com.memgres.storage.Table -- Created table: users with 3 columns
13:29:24.075 [main] DEBUG com.memgres.storage.btree.BPlusTree -- Created B+ tree with order 4
13:29:24.075 [main] DEBUG com.memgres.storage.btree.BPlusTreeIndex -- Building initial B+ tree index for idx_name on column name
13:29:24.075 [main] DEBUG com.memgres.storage.btree.BPlusTreeIndex -- Initial B+ tree index built with 0 entries and 0 total row references
13:29:24.075 [main] DEBUG com.memgres.storage.btree.BPlusTreeIndex -- Created B+ tree index idx_name on column name for table users with order 4
13:29:24.075 [main] DEBUG com.memgres.storage.btree.BPlusTree -- Created B+ tree with order 4
13:29:24.075 [main] DEBUG com.memgres.storage.btree.BPlusTreeIndex -- Building initial B+ tree index for idx_age on column age
13:29:24.075 [main] DEBUG com.memgres.storage.btree.BPlusTreeIndex -- Initial B+ tree index built with 0 entries and 0 total row references
13:29:24.075 [main] DEBUG com.memgres.storage.btree.BPlusTreeIndex -- Created B+ tree index idx_age on column age for table users with order 4
13:29:24.075 [main] DEBUG com.memgres.storage.Table -- Inserted row 1 into table users
13:29:24.075 [main] DEBUG com.memgres.storage.Table -- Inserted row 2 into table users
13:29:24.075 [main] DEBUG com.memgres.storage.Table -- Inserted row 3 into table users
]]></system-out>
  </testcase>
  <testcase name="testNullValueHandling" classname="com.memgres.storage.btree.BPlusTreeIndexTest" time="0.0">
    <system-out><![CDATA[13:29:24.079 [main] DEBUG com.memgres.storage.Schema -- Created schema: testdb
13:29:24.079 [main] DEBUG com.memgres.storage.Table -- Created table: users with 3 columns
13:29:24.079 [main] DEBUG com.memgres.storage.btree.BPlusTree -- Created B+ tree with order 4
13:29:24.079 [main] DEBUG com.memgres.storage.btree.BPlusTreeIndex -- Building initial B+ tree index for idx_name on column name
13:29:24.079 [main] DEBUG com.memgres.storage.btree.BPlusTreeIndex -- Initial B+ tree index built with 0 entries and 0 total row references
13:29:24.079 [main] DEBUG com.memgres.storage.btree.BPlusTreeIndex -- Created B+ tree index idx_name on column name for table users with order 4
13:29:24.079 [main] DEBUG com.memgres.storage.btree.BPlusTree -- Created B+ tree with order 4
13:29:24.079 [main] DEBUG com.memgres.storage.btree.BPlusTreeIndex -- Building initial B+ tree index for idx_age on column age
13:29:24.079 [main] DEBUG com.memgres.storage.btree.BPlusTreeIndex -- Initial B+ tree index built with 0 entries and 0 total row references
13:29:24.079 [main] DEBUG com.memgres.storage.btree.BPlusTreeIndex -- Created B+ tree index idx_age on column age for table users with order 4
13:29:24.079 [main] DEBUG com.memgres.storage.Table -- Inserted row 1 into table users
]]></system-out>
  </testcase>
  <testcase name="testUpdateOperations" classname="com.memgres.storage.btree.BPlusTreeIndexTest" time="0.001">
    <system-out><![CDATA[13:29:24.080 [main] DEBUG com.memgres.storage.Schema -- Created schema: testdb
13:29:24.080 [main] DEBUG com.memgres.storage.Table -- Created table: users with 3 columns
13:29:24.080 [main] DEBUG com.memgres.storage.btree.BPlusTree -- Created B+ tree with order 4
13:29:24.080 [main] DEBUG com.memgres.storage.btree.BPlusTreeIndex -- Building initial B+ tree index for idx_name on column name
13:29:24.080 [main] DEBUG com.memgres.storage.btree.BPlusTreeIndex -- Initial B+ tree index built with 0 entries and 0 total row references
13:29:24.080 [main] DEBUG com.memgres.storage.btree.BPlusTreeIndex -- Created B+ tree index idx_name on column name for table users with order 4
13:29:24.080 [main] DEBUG com.memgres.storage.btree.BPlusTree -- Created B+ tree with order 4
13:29:24.080 [main] DEBUG com.memgres.storage.btree.BPlusTreeIndex -- Building initial B+ tree index for idx_age on column age
13:29:24.080 [main] DEBUG com.memgres.storage.btree.BPlusTreeIndex -- Initial B+ tree index built with 0 entries and 0 total row references
13:29:24.081 [main] DEBUG com.memgres.storage.btree.BPlusTreeIndex -- Created B+ tree index idx_age on column age for table users with order 4
13:29:24.081 [main] DEBUG com.memgres.storage.Table -- Inserted row 1 into table users
]]></system-out>
  </testcase>
</testsuite>