<?xml version="1.0" encoding="UTF-8"?>
<testsuite xmlns:xsi="http://www.w3.org/2001/XMLSchema-instance" xsi:noNamespaceSchemaLocation="https://maven.apache.org/surefire/maven-surefire-plugin/xsd/surefire-test-report-3.0.xsd" version="3.0" name="com.memgres.sql.AggregationIntegrationTest" time="0.007" tests="8" errors="0" skipped="0" failures="0">
  <properties>
    <property name="java.specification.version" value="24"/>
    <property name="sun.jnu.encoding" value="UTF-8"/>
    <property name="java.class.path" value="/Users/sachingupta/CognisiveLabs/memgres/target/test-classes:/Users/sachingupta/CognisiveLabs/memgres/target/classes:/Users/sachingupta/.m2/repository/org/antlr/antlr4-runtime/4.13.1/antlr4-runtime-4.13.1.jar:/Users/sachingupta/.m2/repository/com/fasterxml/jackson/core/jackson-core/2.16.1/jackson-core-2.16.1.jar:/Users/sachingupta/.m2/repository/com/fasterxml/jackson/core/jackson-databind/2.16.1/jackson-databind-2.16.1.jar:/Users/sachingupta/.m2/repository/com/fasterxml/jackson/core/jackson-annotations/2.16.1/jackson-annotations-2.16.1.jar:/Users/sachingupta/.m2/repository/org/slf4j/slf4j-api/2.0.9/slf4j-api-2.0.9.jar:/Users/sachingupta/.m2/repository/ch/qos/logback/logback-classic/1.4.14/logback-classic-1.4.14.jar:/Users/sachingupta/.m2/repository/ch/qos/logback/logback-core/1.4.14/logback-core-1.4.14.jar:/Users/sachingupta/.m2/repository/com/github/ben-manes/caffeine/caffeine/3.1.8/caffeine-3.1.8.jar:/Users/sachingupta/.m2/repository/org/checkerframework/checker-qual/3.37.0/checker-qual-3.37.0.jar:/Users/sachingupta/.m2/repository/com/google/errorprone/error_prone_annotations/2.21.1/error_prone_annotations-2.21.1.jar:/Users/sachingupta/.m2/repository/org/junit/jupiter/junit-jupiter/5.10.1/junit-jupiter-5.10.1.jar:/Users/sachingupta/.m2/repository/org/junit/jupiter/junit-jupiter-api/5.10.1/junit-jupiter-api-5.10.1.jar:/Users/sachingupta/.m2/repository/org/opentest4j/opentest4j/1.3.0/opentest4j-1.3.0.jar:/Users/sachingupta/.m2/repository/org/junit/platform/junit-platform-commons/1.10.1/junit-platform-commons-1.10.1.jar:/Users/sachingupta/.m2/repository/org/apiguardian/apiguardian-api/1.1.2/apiguardian-api-1.1.2.jar:/Users/sachingupta/.m2/repository/org/junit/jupiter/junit-jupiter-params/5.10.1/junit-jupiter-params-5.10.1.jar:/Users/sachingupta/.m2/repository/org/junit/jupiter/junit-jupiter-engine/5.10.1/junit-jupiter-engine-5.10.1.jar:/Users/sachingupta/.m2/repository/org/junit/platform/junit-platform-engine/1.10.1/junit-platform-engine-1.10.1.jar:/Users/sachingupta/.m2/repository/org/testng/testng/7.8.0/testng-7.8.0.jar:/Users/sachingupta/.m2/repository/com/beust/jcommander/1.82/jcommander-1.82.jar:/Users/sachingupta/.m2/repository/org/webjars/jquery/3.6.1/jquery-3.6.1.jar:/Users/sachingupta/.m2/repository/org/mockito/mockito-core/5.8.0/mockito-core-5.8.0.jar:/Users/sachingupta/.m2/repository/net/bytebuddy/byte-buddy/1.14.10/byte-buddy-1.14.10.jar:/Users/sachingupta/.m2/repository/net/bytebuddy/byte-buddy-agent/1.14.10/byte-buddy-agent-1.14.10.jar:/Users/sachingupta/.m2/repository/org/objenesis/objenesis/3.3/objenesis-3.3.jar:/Users/sachingupta/.m2/repository/org/testcontainers/postgresql/1.19.3/postgresql-1.19.3.jar:/Users/sachingupta/.m2/repository/org/testcontainers/jdbc/1.19.3/jdbc-1.19.3.jar:/Users/sachingupta/.m2/repository/org/testcontainers/database-commons/1.19.3/database-commons-1.19.3.jar:/Users/sachingupta/.m2/repository/org/testcontainers/junit-jupiter/1.19.3/junit-jupiter-1.19.3.jar:/Users/sachingupta/.m2/repository/org/testcontainers/testcontainers/1.19.3/testcontainers-1.19.3.jar:/Users/sachingupta/.m2/repository/junit/junit/4.13.2/junit-4.13.2.jar:/Users/sachingupta/.m2/repository/org/hamcrest/hamcrest-core/1.3/hamcrest-core-1.3.jar:/Users/sachingupta/.m2/repository/org/apache/commons/commons-compress/1.24.0/commons-compress-1.24.0.jar:/Users/sachingupta/.m2/repository/org/rnorth/duct-tape/duct-tape/1.0.8/duct-tape-1.0.8.jar:/Users/sachingupta/.m2/repository/org/jetbrains/annotations/17.0.0/annotations-17.0.0.jar:/Users/sachingupta/.m2/repository/com/github/docker-java/docker-java-api/3.3.4/docker-java-api-3.3.4.jar:/Users/sachingupta/.m2/repository/com/github/docker-java/docker-java-transport-zerodep/3.3.4/docker-java-transport-zerodep-3.3.4.jar:/Users/sachingupta/.m2/repository/com/github/docker-java/docker-java-transport/3.3.4/docker-java-transport-3.3.4.jar:/Users/sachingupta/.m2/repository/net/java/dev/jna/jna/5.13.0/jna-5.13.0.jar:/Users/sachingupta/.m2/repository/org/springframework/spring-test/6.0.15/spring-test-6.0.15.jar:/Users/sachingupta/.m2/repository/org/springframework/spring-core/6.0.15/spring-core-6.0.15.jar:/Users/sachingupta/.m2/repository/org/springframework/spring-jcl/6.0.15/spring-jcl-6.0.15.jar:/Users/sachingupta/.m2/repository/org/springframework/spring-context/6.0.15/spring-context-6.0.15.jar:/Users/sachingupta/.m2/repository/org/springframework/spring-aop/6.0.15/spring-aop-6.0.15.jar:/Users/sachingupta/.m2/repository/org/springframework/spring-beans/6.0.15/spring-beans-6.0.15.jar:/Users/sachingupta/.m2/repository/org/springframework/spring-expression/6.0.15/spring-expression-6.0.15.jar:/Users/sachingupta/.m2/repository/org/springframework/boot/spring-boot-test/3.2.1/spring-boot-test-3.2.1.jar:/Users/sachingupta/.m2/repository/org/springframework/boot/spring-boot/3.2.1/spring-boot-3.2.1.jar:/Users/sachingupta/.m2/repository/org/springframework/spring-jdbc/6.0.15/spring-jdbc-6.0.15.jar:/Users/sachingupta/.m2/repository/org/springframework/spring-tx/6.0.15/spring-tx-6.0.15.jar:"/>
    <property name="java.vm.vendor" value="Homebrew"/>
    <property name="sun.arch.data.model" value="64"/>
    <property name="java.vendor.url" value="https://github.com/Homebrew/homebrew-core/issues"/>
    <property name="user.timezone" value="Europe/London"/>
    <property name="os.name" value="Mac OS X"/>
    <property name="java.vm.specification.version" value="24"/>
    <property name="sun.java.launcher" value="SUN_STANDARD"/>
    <property name="user.country" value="GB"/>
    <property name="sun.boot.library.path" value="/opt/homebrew/Cellar/openjdk/24.0.1/libexec/openjdk.jdk/Contents/Home/lib"/>
    <property name="sun.java.command" value="/Users/sachingupta/CognisiveLabs/memgres/target/surefire/surefirebooter-20250810194705492_3.jar /Users/sachingupta/CognisiveLabs/memgres/target/surefire 2025-08-10T19-47-05_455-jvmRun1 surefire-20250810194705492_1tmp surefire_0-20250810194705492_2tmp"/>
    <property name="http.nonProxyHosts" value="local|*.local|169.254/16|*.169.254/16"/>
    <property name="jdk.debug" value="release"/>
    <property name="surefire.test.class.path" value="/Users/sachingupta/CognisiveLabs/memgres/target/test-classes:/Users/sachingupta/CognisiveLabs/memgres/target/classes:/Users/sachingupta/.m2/repository/org/antlr/antlr4-runtime/4.13.1/antlr4-runtime-4.13.1.jar:/Users/sachingupta/.m2/repository/com/fasterxml/jackson/core/jackson-core/2.16.1/jackson-core-2.16.1.jar:/Users/sachingupta/.m2/repository/com/fasterxml/jackson/core/jackson-databind/2.16.1/jackson-databind-2.16.1.jar:/Users/sachingupta/.m2/repository/com/fasterxml/jackson/core/jackson-annotations/2.16.1/jackson-annotations-2.16.1.jar:/Users/sachingupta/.m2/repository/org/slf4j/slf4j-api/2.0.9/slf4j-api-2.0.9.jar:/Users/sachingupta/.m2/repository/ch/qos/logback/logback-classic/1.4.14/logback-classic-1.4.14.jar:/Users/sachingupta/.m2/repository/ch/qos/logback/logback-core/1.4.14/logback-core-1.4.14.jar:/Users/sachingupta/.m2/repository/com/github/ben-manes/caffeine/caffeine/3.1.8/caffeine-3.1.8.jar:/Users/sachingupta/.m2/repository/org/checkerframework/checker-qual/3.37.0/checker-qual-3.37.0.jar:/Users/sachingupta/.m2/repository/com/google/errorprone/error_prone_annotations/2.21.1/error_prone_annotations-2.21.1.jar:/Users/sachingupta/.m2/repository/org/junit/jupiter/junit-jupiter/5.10.1/junit-jupiter-5.10.1.jar:/Users/sachingupta/.m2/repository/org/junit/jupiter/junit-jupiter-api/5.10.1/junit-jupiter-api-5.10.1.jar:/Users/sachingupta/.m2/repository/org/opentest4j/opentest4j/1.3.0/opentest4j-1.3.0.jar:/Users/sachingupta/.m2/repository/org/junit/platform/junit-platform-commons/1.10.1/junit-platform-commons-1.10.1.jar:/Users/sachingupta/.m2/repository/org/apiguardian/apiguardian-api/1.1.2/apiguardian-api-1.1.2.jar:/Users/sachingupta/.m2/repository/org/junit/jupiter/junit-jupiter-params/5.10.1/junit-jupiter-params-5.10.1.jar:/Users/sachingupta/.m2/repository/org/junit/jupiter/junit-jupiter-engine/5.10.1/junit-jupiter-engine-5.10.1.jar:/Users/sachingupta/.m2/repository/org/junit/platform/junit-platform-engine/1.10.1/junit-platform-engine-1.10.1.jar:/Users/sachingupta/.m2/repository/org/testng/testng/7.8.0/testng-7.8.0.jar:/Users/sachingupta/.m2/repository/com/beust/jcommander/1.82/jcommander-1.82.jar:/Users/sachingupta/.m2/repository/org/webjars/jquery/3.6.1/jquery-3.6.1.jar:/Users/sachingupta/.m2/repository/org/mockito/mockito-core/5.8.0/mockito-core-5.8.0.jar:/Users/sachingupta/.m2/repository/net/bytebuddy/byte-buddy/1.14.10/byte-buddy-1.14.10.jar:/Users/sachingupta/.m2/repository/net/bytebuddy/byte-buddy-agent/1.14.10/byte-buddy-agent-1.14.10.jar:/Users/sachingupta/.m2/repository/org/objenesis/objenesis/3.3/objenesis-3.3.jar:/Users/sachingupta/.m2/repository/org/testcontainers/postgresql/1.19.3/postgresql-1.19.3.jar:/Users/sachingupta/.m2/repository/org/testcontainers/jdbc/1.19.3/jdbc-1.19.3.jar:/Users/sachingupta/.m2/repository/org/testcontainers/database-commons/1.19.3/database-commons-1.19.3.jar:/Users/sachingupta/.m2/repository/org/testcontainers/junit-jupiter/1.19.3/junit-jupiter-1.19.3.jar:/Users/sachingupta/.m2/repository/org/testcontainers/testcontainers/1.19.3/testcontainers-1.19.3.jar:/Users/sachingupta/.m2/repository/junit/junit/4.13.2/junit-4.13.2.jar:/Users/sachingupta/.m2/repository/org/hamcrest/hamcrest-core/1.3/hamcrest-core-1.3.jar:/Users/sachingupta/.m2/repository/org/apache/commons/commons-compress/1.24.0/commons-compress-1.24.0.jar:/Users/sachingupta/.m2/repository/org/rnorth/duct-tape/duct-tape/1.0.8/duct-tape-1.0.8.jar:/Users/sachingupta/.m2/repository/org/jetbrains/annotations/17.0.0/annotations-17.0.0.jar:/Users/sachingupta/.m2/repository/com/github/docker-java/docker-java-api/3.3.4/docker-java-api-3.3.4.jar:/Users/sachingupta/.m2/repository/com/github/docker-java/docker-java-transport-zerodep/3.3.4/docker-java-transport-zerodep-3.3.4.jar:/Users/sachingupta/.m2/repository/com/github/docker-java/docker-java-transport/3.3.4/docker-java-transport-3.3.4.jar:/Users/sachingupta/.m2/repository/net/java/dev/jna/jna/5.13.0/jna-5.13.0.jar:/Users/sachingupta/.m2/repository/org/springframework/spring-test/6.0.15/spring-test-6.0.15.jar:/Users/sachingupta/.m2/repository/org/springframework/spring-core/6.0.15/spring-core-6.0.15.jar:/Users/sachingupta/.m2/repository/org/springframework/spring-jcl/6.0.15/spring-jcl-6.0.15.jar:/Users/sachingupta/.m2/repository/org/springframework/spring-context/6.0.15/spring-context-6.0.15.jar:/Users/sachingupta/.m2/repository/org/springframework/spring-aop/6.0.15/spring-aop-6.0.15.jar:/Users/sachingupta/.m2/repository/org/springframework/spring-beans/6.0.15/spring-beans-6.0.15.jar:/Users/sachingupta/.m2/repository/org/springframework/spring-expression/6.0.15/spring-expression-6.0.15.jar:/Users/sachingupta/.m2/repository/org/springframework/boot/spring-boot-test/3.2.1/spring-boot-test-3.2.1.jar:/Users/sachingupta/.m2/repository/org/springframework/boot/spring-boot/3.2.1/spring-boot-3.2.1.jar:/Users/sachingupta/.m2/repository/org/springframework/spring-jdbc/6.0.15/spring-jdbc-6.0.15.jar:/Users/sachingupta/.m2/repository/org/springframework/spring-tx/6.0.15/spring-tx-6.0.15.jar:"/>
    <property name="sun.cpu.endian" value="little"/>
    <property name="user.home" value="/Users/sachingupta"/>
    <property name="user.language" value="en"/>
    <property name="java.specification.vendor" value="Oracle Corporation"/>
    <property name="java.version.date" value="2025-04-15"/>
    <property name="java.home" value="/opt/homebrew/Cellar/openjdk/24.0.1/libexec/openjdk.jdk/Contents/Home"/>
    <property name="file.separator" value="/"/>
    <property name="basedir" value="/Users/sachingupta/CognisiveLabs/memgres"/>
    <property name="java.vm.compressedOopsMode" value="Zero based"/>
    <property name="line.separator" value="&#10;"/>
    <property name="java.vm.specification.vendor" value="Oracle Corporation"/>
    <property name="java.specification.name" value="Java Platform API Specification"/>
    <property name="apple.awt.application.name" value="ForkedBooter"/>
    <property name="surefire.real.class.path" value="/Users/sachingupta/CognisiveLabs/memgres/target/surefire/surefirebooter-20250810194705492_3.jar"/>
    <property name="sun.management.compiler" value="HotSpot 64-Bit Tiered Compilers"/>
    <property name="ftp.nonProxyHosts" value="local|*.local|169.254/16|*.169.254/16"/>
    <property name="java.runtime.version" value="24.0.1"/>
    <property name="user.name" value="sachingupta"/>
    <property name="stdout.encoding" value="UTF-8"/>
    <property name="path.separator" value=":"/>
    <property name="os.version" value="15.5"/>
    <property name="java.runtime.name" value="OpenJDK Runtime Environment"/>
    <property name="file.encoding" value="UTF-8"/>
    <property name="java.vm.name" value="OpenJDK 64-Bit Server VM"/>
    <property name="java.vendor.version" value="Homebrew"/>
    <property name="localRepository" value="/Users/sachingupta/.m2/repository"/>
    <property name="java.vendor.url.bug" value="https://github.com/Homebrew/homebrew-core/issues"/>
    <property name="java.io.tmpdir" value="/var/folders/yd/g5ftnqb52k1g83p_zq4qwpkh0000gn/T/"/>
    <property name="java.version" value="24.0.1"/>
    <property name="user.dir" value="/Users/sachingupta/CognisiveLabs/memgres"/>
    <property name="os.arch" value="aarch64"/>
    <property name="java.vm.specification.name" value="Java Virtual Machine Specification"/>
    <property name="native.encoding" value="UTF-8"/>
    <property name="java.library.path" value="/Users/sachingupta/Library/Java/Extensions:/Library/Java/Extensions:/Network/Library/Java/Extensions:/System/Library/Java/Extensions:/usr/lib/java:."/>
    <property name="java.vm.info" value="mixed mode, sharing"/>
    <property name="stderr.encoding" value="UTF-8"/>
    <property name="java.vendor" value="Homebrew"/>
    <property name="java.vm.version" value="24.0.1"/>
    <property name="sun.io.unicode.encoding" value="UnicodeBig"/>
    <property name="socksNonProxyHosts" value="local|*.local|169.254/16|*.169.254/16"/>
    <property name="java.class.version" value="68.0"/>
  </properties>
  <testcase name="testCountFunction" classname="com.memgres.sql.AggregationIntegrationTest" time="0.001">
    <system-out><![CDATA[19:47:06.956 [main] INFO com.memgres.transaction.TransactionManager -- Transaction manager initialized
19:47:06.956 [main] INFO com.memgres.core.MemGresEngine -- MemGres Engine created
19:47:06.956 [main] INFO com.memgres.core.MemGresEngine -- MemGres Engine initialized successfully
19:47:06.957 [main] INFO com.memgres.sql.AggregationIntegrationTest -- Test table created: employees (6 rows)
19:47:06.957 [main] INFO com.memgres.sql.AggregationIntegrationTest -- Aggregation test setup complete
19:47:06.957 [main] INFO com.memgres.sql.AggregationIntegrationTest -- Testing COUNT function
19:47:06.957 [main] INFO com.memgres.sql.AggregationIntegrationTest -- Active employee count: 5
19:47:06.957 [main] INFO com.memgres.sql.AggregationIntegrationTest -- COUNT function test passed
19:47:06.957 [main] INFO com.memgres.transaction.TransactionManager -- Shutting down transaction manager with 0 active transactions
19:47:06.957 [main] INFO com.memgres.transaction.TransactionManager -- Transaction manager shutdown complete
19:47:06.957 [main] INFO com.memgres.core.MemGresEngine -- MemGres Engine shutdown successfully
19:47:06.957 [main] INFO com.memgres.sql.AggregationIntegrationTest -- Aggregation test teardown complete
]]></system-out>
  </testcase>
  <testcase name="testMultipleAggregatesInGroupBy" classname="com.memgres.sql.AggregationIntegrationTest" time="0.001">
    <system-out><![CDATA[19:47:06.957 [main] INFO com.memgres.transaction.TransactionManager -- Transaction manager initialized
19:47:06.957 [main] INFO com.memgres.core.MemGresEngine -- MemGres Engine created
19:47:06.957 [main] INFO com.memgres.core.MemGresEngine -- MemGres Engine initialized successfully
19:47:06.958 [main] INFO com.memgres.sql.AggregationIntegrationTest -- Test table created: employees (6 rows)
19:47:06.958 [main] INFO com.memgres.sql.AggregationIntegrationTest -- Aggregation test setup complete
19:47:06.958 [main] INFO com.memgres.sql.AggregationIntegrationTest -- Testing multiple aggregates in GROUP BY
19:47:06.958 [main] INFO com.memgres.sql.AggregationIntegrationTest -- Multiple aggregates in GROUP BY test passed
19:47:06.958 [main] INFO com.memgres.transaction.TransactionManager -- Shutting down transaction manager with 0 active transactions
19:47:06.958 [main] INFO com.memgres.transaction.TransactionManager -- Transaction manager shutdown complete
19:47:06.958 [main] INFO com.memgres.core.MemGresEngine -- MemGres Engine shutdown successfully
19:47:06.958 [main] INFO com.memgres.sql.AggregationIntegrationTest -- Aggregation test teardown complete
]]></system-out>
  </testcase>
  <testcase name="testSumFunction" classname="com.memgres.sql.AggregationIntegrationTest" time="0.001">
    <system-out><![CDATA[19:47:06.958 [main] INFO com.memgres.transaction.TransactionManager -- Transaction manager initialized
19:47:06.958 [main] INFO com.memgres.core.MemGresEngine -- MemGres Engine created
19:47:06.958 [main] INFO com.memgres.core.MemGresEngine -- MemGres Engine initialized successfully
19:47:06.958 [main] INFO com.memgres.sql.AggregationIntegrationTest -- Test table created: employees (6 rows)
19:47:06.958 [main] INFO com.memgres.sql.AggregationIntegrationTest -- Aggregation test setup complete
19:47:06.958 [main] INFO com.memgres.sql.AggregationIntegrationTest -- Testing SUM function
19:47:06.959 [main] INFO com.memgres.sql.AggregationIntegrationTest -- SUM function test passed
19:47:06.959 [main] INFO com.memgres.transaction.TransactionManager -- Shutting down transaction manager with 0 active transactions
19:47:06.959 [main] INFO com.memgres.transaction.TransactionManager -- Transaction manager shutdown complete
19:47:06.959 [main] INFO com.memgres.core.MemGresEngine -- MemGres Engine shutdown successfully
19:47:06.959 [main] INFO com.memgres.sql.AggregationIntegrationTest -- Aggregation test teardown complete
]]></system-out>
  </testcase>
  <testcase name="testAvgFunction" classname="com.memgres.sql.AggregationIntegrationTest" time="0.001">
    <system-out><![CDATA[19:47:06.959 [main] INFO com.memgres.transaction.TransactionManager -- Transaction manager initialized
19:47:06.959 [main] INFO com.memgres.core.MemGresEngine -- MemGres Engine created
19:47:06.959 [main] INFO com.memgres.core.MemGresEngine -- MemGres Engine initialized successfully
19:47:06.959 [main] INFO com.memgres.sql.AggregationIntegrationTest -- Test table created: employees (6 rows)
19:47:06.959 [main] INFO com.memgres.sql.AggregationIntegrationTest -- Aggregation test setup complete
19:47:06.959 [main] INFO com.memgres.sql.AggregationIntegrationTest -- Testing AVG function
19:47:06.959 [main] INFO com.memgres.sql.AggregationIntegrationTest -- AVG function test passed
19:47:06.959 [main] INFO com.memgres.transaction.TransactionManager -- Shutting down transaction manager with 0 active transactions
19:47:06.959 [main] INFO com.memgres.transaction.TransactionManager -- Transaction manager shutdown complete
19:47:06.959 [main] INFO com.memgres.core.MemGresEngine -- MemGres Engine shutdown successfully
19:47:06.959 [main] INFO com.memgres.sql.AggregationIntegrationTest -- Aggregation test teardown complete
]]></system-out>
  </testcase>
  <testcase name="testMinMaxFunctions" classname="com.memgres.sql.AggregationIntegrationTest" time="0.0">
    <system-out><![CDATA[19:47:06.960 [main] INFO com.memgres.transaction.TransactionManager -- Transaction manager initialized
19:47:06.960 [main] INFO com.memgres.core.MemGresEngine -- MemGres Engine created
19:47:06.960 [main] INFO com.memgres.core.MemGresEngine -- MemGres Engine initialized successfully
19:47:06.960 [main] INFO com.memgres.sql.AggregationIntegrationTest -- Test table created: employees (6 rows)
19:47:06.960 [main] INFO com.memgres.sql.AggregationIntegrationTest -- Aggregation test setup complete
19:47:06.960 [main] INFO com.memgres.sql.AggregationIntegrationTest -- Testing MIN and MAX functions
19:47:06.960 [main] INFO com.memgres.sql.AggregationIntegrationTest -- MIN/MAX functions test passed
19:47:06.960 [main] INFO com.memgres.transaction.TransactionManager -- Shutting down transaction manager with 0 active transactions
19:47:06.960 [main] INFO com.memgres.transaction.TransactionManager -- Transaction manager shutdown complete
19:47:06.960 [main] INFO com.memgres.core.MemGresEngine -- MemGres Engine shutdown successfully
19:47:06.960 [main] INFO com.memgres.sql.AggregationIntegrationTest -- Aggregation test teardown complete
]]></system-out>
  </testcase>
  <testcase name="testGroupByWithSum" classname="com.memgres.sql.AggregationIntegrationTest" time="0.0">
    <system-out><![CDATA[19:47:06.961 [main] INFO com.memgres.transaction.TransactionManager -- Transaction manager initialized
19:47:06.961 [main] INFO com.memgres.core.MemGresEngine -- MemGres Engine created
19:47:06.961 [main] INFO com.memgres.core.MemGresEngine -- MemGres Engine initialized successfully
19:47:06.961 [main] INFO com.memgres.sql.AggregationIntegrationTest -- Test table created: employees (6 rows)
19:47:06.961 [main] INFO com.memgres.sql.AggregationIntegrationTest -- Aggregation test setup complete
19:47:06.961 [main] INFO com.memgres.sql.AggregationIntegrationTest -- Testing GROUP BY with SUM
19:47:06.961 [main] INFO com.memgres.sql.AggregationIntegrationTest -- GROUP BY with SUM test passed
19:47:06.961 [main] INFO com.memgres.transaction.TransactionManager -- Shutting down transaction manager with 0 active transactions
19:47:06.961 [main] INFO com.memgres.transaction.TransactionManager -- Transaction manager shutdown complete
19:47:06.961 [main] INFO com.memgres.core.MemGresEngine -- MemGres Engine shutdown successfully
19:47:06.961 [main] INFO com.memgres.sql.AggregationIntegrationTest -- Aggregation test teardown complete
]]></system-out>
  </testcase>
  <testcase name="testGroupByWithCount" classname="com.memgres.sql.AggregationIntegrationTest" time="0.0">
    <system-out><![CDATA[19:47:06.962 [main] INFO com.memgres.transaction.TransactionManager -- Transaction manager initialized
19:47:06.962 [main] INFO com.memgres.core.MemGresEngine -- MemGres Engine created
19:47:06.962 [main] INFO com.memgres.core.MemGresEngine -- MemGres Engine initialized successfully
19:47:06.962 [main] INFO com.memgres.sql.AggregationIntegrationTest -- Test table created: employees (6 rows)
19:47:06.962 [main] INFO com.memgres.sql.AggregationIntegrationTest -- Aggregation test setup complete
19:47:06.962 [main] INFO com.memgres.sql.AggregationIntegrationTest -- Testing GROUP BY with COUNT
19:47:06.962 [main] INFO com.memgres.sql.AggregationIntegrationTest -- GROUP BY with COUNT test passed
19:47:06.962 [main] INFO com.memgres.transaction.TransactionManager -- Shutting down transaction manager with 0 active transactions
19:47:06.962 [main] INFO com.memgres.transaction.TransactionManager -- Transaction manager shutdown complete
19:47:06.962 [main] INFO com.memgres.core.MemGresEngine -- MemGres Engine shutdown successfully
19:47:06.962 [main] INFO com.memgres.sql.AggregationIntegrationTest -- Aggregation test teardown complete
]]></system-out>
  </testcase>
  <testcase name="testSimpleAggregateWithoutGroupBy" classname="com.memgres.sql.AggregationIntegrationTest" time="0.001">
    <system-out><![CDATA[19:47:06.962 [main] INFO com.memgres.transaction.TransactionManager -- Transaction manager initialized
19:47:06.962 [main] INFO com.memgres.core.MemGresEngine -- MemGres Engine created
19:47:06.962 [main] INFO com.memgres.core.MemGresEngine -- MemGres Engine initialized successfully
19:47:06.963 [main] INFO com.memgres.sql.AggregationIntegrationTest -- Test table created: employees (6 rows)
19:47:06.963 [main] INFO com.memgres.sql.AggregationIntegrationTest -- Aggregation test setup complete
19:47:06.963 [main] INFO com.memgres.sql.AggregationIntegrationTest -- Testing simple aggregate without GROUP BY
19:47:06.963 [main] INFO com.memgres.sql.AggregationIntegrationTest -- Simple aggregate without GROUP BY test passed
19:47:06.963 [main] INFO com.memgres.transaction.TransactionManager -- Shutting down transaction manager with 0 active transactions
19:47:06.963 [main] INFO com.memgres.transaction.TransactionManager -- Transaction manager shutdown complete
19:47:06.963 [main] INFO com.memgres.core.MemGresEngine -- MemGres Engine shutdown successfully
19:47:06.963 [main] INFO com.memgres.sql.AggregationIntegrationTest -- Aggregation test teardown complete
]]></system-out>
  </testcase>
</testsuite>