<?xml version="1.0" encoding="UTF-8"?>
<testsuite xmlns:xsi="http://www.w3.org/2001/XMLSchema-instance" xsi:noNamespaceSchemaLocation="https://maven.apache.org/surefire/maven-surefire-plugin/xsd/surefire-test-report-3.0.xsd" version="3.0" name="com.memgres.sql.AggregationIntegrationTest" time="0.023" tests="8" errors="0" skipped="0" failures="0">
  <properties>
    <property name="java.specification.version" value="24"/>
    <property name="sun.jnu.encoding" value="UTF-8"/>
    <property name="java.class.path" value="/Users/sachingupta/CognisiveLabs/memgres/target/test-classes:/Users/sachingupta/CognisiveLabs/memgres/target/classes:/Users/sachingupta/.m2/repository/org/antlr/antlr4-runtime/4.13.1/antlr4-runtime-4.13.1.jar:/Users/sachingupta/.m2/repository/com/fasterxml/jackson/core/jackson-core/2.16.1/jackson-core-2.16.1.jar:/Users/sachingupta/.m2/repository/com/fasterxml/jackson/core/jackson-databind/2.16.1/jackson-databind-2.16.1.jar:/Users/sachingupta/.m2/repository/com/fasterxml/jackson/core/jackson-annotations/2.16.1/jackson-annotations-2.16.1.jar:/Users/sachingupta/.m2/repository/org/slf4j/slf4j-api/2.0.9/slf4j-api-2.0.9.jar:/Users/sachingupta/.m2/repository/ch/qos/logback/logback-classic/1.4.14/logback-classic-1.4.14.jar:/Users/sachingupta/.m2/repository/ch/qos/logback/logback-core/1.4.14/logback-core-1.4.14.jar:/Users/sachingupta/.m2/repository/com/github/ben-manes/caffeine/caffeine/3.1.8/caffeine-3.1.8.jar:/Users/sachingupta/.m2/repository/org/checkerframework/checker-qual/3.37.0/checker-qual-3.37.0.jar:/Users/sachingupta/.m2/repository/com/google/errorprone/error_prone_annotations/2.21.1/error_prone_annotations-2.21.1.jar:/Users/sachingupta/.m2/repository/org/junit/jupiter/junit-jupiter/5.10.1/junit-jupiter-5.10.1.jar:/Users/sachingupta/.m2/repository/org/junit/jupiter/junit-jupiter-api/5.10.1/junit-jupiter-api-5.10.1.jar:/Users/sachingupta/.m2/repository/org/opentest4j/opentest4j/1.3.0/opentest4j-1.3.0.jar:/Users/sachingupta/.m2/repository/org/junit/platform/junit-platform-commons/1.10.1/junit-platform-commons-1.10.1.jar:/Users/sachingupta/.m2/repository/org/apiguardian/apiguardian-api/1.1.2/apiguardian-api-1.1.2.jar:/Users/sachingupta/.m2/repository/org/junit/jupiter/junit-jupiter-params/5.10.1/junit-jupiter-params-5.10.1.jar:/Users/sachingupta/.m2/repository/org/junit/jupiter/junit-jupiter-engine/5.10.1/junit-jupiter-engine-5.10.1.jar:/Users/sachingupta/.m2/repository/org/junit/platform/junit-platform-engine/1.10.1/junit-platform-engine-1.10.1.jar:/Users/sachingupta/.m2/repository/org/testng/testng/7.8.0/testng-7.8.0.jar:/Users/sachingupta/.m2/repository/com/beust/jcommander/1.82/jcommander-1.82.jar:/Users/sachingupta/.m2/repository/org/webjars/jquery/3.6.1/jquery-3.6.1.jar:/Users/sachingupta/.m2/repository/org/mockito/mockito-core/5.8.0/mockito-core-5.8.0.jar:/Users/sachingupta/.m2/repository/net/bytebuddy/byte-buddy/1.14.10/byte-buddy-1.14.10.jar:/Users/sachingupta/.m2/repository/net/bytebuddy/byte-buddy-agent/1.14.10/byte-buddy-agent-1.14.10.jar:/Users/sachingupta/.m2/repository/org/objenesis/objenesis/3.3/objenesis-3.3.jar:/Users/sachingupta/.m2/repository/org/testcontainers/postgresql/1.19.3/postgresql-1.19.3.jar:/Users/sachingupta/.m2/repository/org/testcontainers/jdbc/1.19.3/jdbc-1.19.3.jar:/Users/sachingupta/.m2/repository/org/testcontainers/database-commons/1.19.3/database-commons-1.19.3.jar:/Users/sachingupta/.m2/repository/org/testcontainers/junit-jupiter/1.19.3/junit-jupiter-1.19.3.jar:/Users/sachingupta/.m2/repository/org/testcontainers/testcontainers/1.19.3/testcontainers-1.19.3.jar:/Users/sachingupta/.m2/repository/junit/junit/4.13.2/junit-4.13.2.jar:/Users/sachingupta/.m2/repository/org/hamcrest/hamcrest-core/1.3/hamcrest-core-1.3.jar:/Users/sachingupta/.m2/repository/org/apache/commons/commons-compress/1.24.0/commons-compress-1.24.0.jar:/Users/sachingupta/.m2/repository/org/rnorth/duct-tape/duct-tape/1.0.8/duct-tape-1.0.8.jar:/Users/sachingupta/.m2/repository/org/jetbrains/annotations/17.0.0/annotations-17.0.0.jar:/Users/sachingupta/.m2/repository/com/github/docker-java/docker-java-api/3.3.4/docker-java-api-3.3.4.jar:/Users/sachingupta/.m2/repository/com/github/docker-java/docker-java-transport-zerodep/3.3.4/docker-java-transport-zerodep-3.3.4.jar:/Users/sachingupta/.m2/repository/com/github/docker-java/docker-java-transport/3.3.4/docker-java-transport-3.3.4.jar:/Users/sachingupta/.m2/repository/net/java/dev/jna/jna/5.13.0/jna-5.13.0.jar:"/>
    <property name="java.vm.vendor" value="Homebrew"/>
    <property name="sun.arch.data.model" value="64"/>
    <property name="java.vendor.url" value="https://github.com/Homebrew/homebrew-core/issues"/>
    <property name="user.timezone" value="Europe/London"/>
    <property name="os.name" value="Mac OS X"/>
    <property name="java.vm.specification.version" value="24"/>
    <property name="sun.java.launcher" value="SUN_STANDARD"/>
    <property name="user.country" value="GB"/>
    <property name="sun.boot.library.path" value="/opt/homebrew/Cellar/openjdk/24.0.1/libexec/openjdk.jdk/Contents/Home/lib"/>
    <property name="sun.java.command" value="/Users/sachingupta/CognisiveLabs/memgres/target/surefire/surefirebooter-20250808132922739_3.jar /Users/sachingupta/CognisiveLabs/memgres/target/surefire 2025-08-08T13-29-22_635-jvmRun1 surefire-20250808132922739_1tmp surefire_0-20250808132922739_2tmp"/>
    <property name="http.nonProxyHosts" value="local|*.local|169.254/16|*.169.254/16"/>
    <property name="jdk.debug" value="release"/>
    <property name="surefire.test.class.path" value="/Users/sachingupta/CognisiveLabs/memgres/target/test-classes:/Users/sachingupta/CognisiveLabs/memgres/target/classes:/Users/sachingupta/.m2/repository/org/antlr/antlr4-runtime/4.13.1/antlr4-runtime-4.13.1.jar:/Users/sachingupta/.m2/repository/com/fasterxml/jackson/core/jackson-core/2.16.1/jackson-core-2.16.1.jar:/Users/sachingupta/.m2/repository/com/fasterxml/jackson/core/jackson-databind/2.16.1/jackson-databind-2.16.1.jar:/Users/sachingupta/.m2/repository/com/fasterxml/jackson/core/jackson-annotations/2.16.1/jackson-annotations-2.16.1.jar:/Users/sachingupta/.m2/repository/org/slf4j/slf4j-api/2.0.9/slf4j-api-2.0.9.jar:/Users/sachingupta/.m2/repository/ch/qos/logback/logback-classic/1.4.14/logback-classic-1.4.14.jar:/Users/sachingupta/.m2/repository/ch/qos/logback/logback-core/1.4.14/logback-core-1.4.14.jar:/Users/sachingupta/.m2/repository/com/github/ben-manes/caffeine/caffeine/3.1.8/caffeine-3.1.8.jar:/Users/sachingupta/.m2/repository/org/checkerframework/checker-qual/3.37.0/checker-qual-3.37.0.jar:/Users/sachingupta/.m2/repository/com/google/errorprone/error_prone_annotations/2.21.1/error_prone_annotations-2.21.1.jar:/Users/sachingupta/.m2/repository/org/junit/jupiter/junit-jupiter/5.10.1/junit-jupiter-5.10.1.jar:/Users/sachingupta/.m2/repository/org/junit/jupiter/junit-jupiter-api/5.10.1/junit-jupiter-api-5.10.1.jar:/Users/sachingupta/.m2/repository/org/opentest4j/opentest4j/1.3.0/opentest4j-1.3.0.jar:/Users/sachingupta/.m2/repository/org/junit/platform/junit-platform-commons/1.10.1/junit-platform-commons-1.10.1.jar:/Users/sachingupta/.m2/repository/org/apiguardian/apiguardian-api/1.1.2/apiguardian-api-1.1.2.jar:/Users/sachingupta/.m2/repository/org/junit/jupiter/junit-jupiter-params/5.10.1/junit-jupiter-params-5.10.1.jar:/Users/sachingupta/.m2/repository/org/junit/jupiter/junit-jupiter-engine/5.10.1/junit-jupiter-engine-5.10.1.jar:/Users/sachingupta/.m2/repository/org/junit/platform/junit-platform-engine/1.10.1/junit-platform-engine-1.10.1.jar:/Users/sachingupta/.m2/repository/org/testng/testng/7.8.0/testng-7.8.0.jar:/Users/sachingupta/.m2/repository/com/beust/jcommander/1.82/jcommander-1.82.jar:/Users/sachingupta/.m2/repository/org/webjars/jquery/3.6.1/jquery-3.6.1.jar:/Users/sachingupta/.m2/repository/org/mockito/mockito-core/5.8.0/mockito-core-5.8.0.jar:/Users/sachingupta/.m2/repository/net/bytebuddy/byte-buddy/1.14.10/byte-buddy-1.14.10.jar:/Users/sachingupta/.m2/repository/net/bytebuddy/byte-buddy-agent/1.14.10/byte-buddy-agent-1.14.10.jar:/Users/sachingupta/.m2/repository/org/objenesis/objenesis/3.3/objenesis-3.3.jar:/Users/sachingupta/.m2/repository/org/testcontainers/postgresql/1.19.3/postgresql-1.19.3.jar:/Users/sachingupta/.m2/repository/org/testcontainers/jdbc/1.19.3/jdbc-1.19.3.jar:/Users/sachingupta/.m2/repository/org/testcontainers/database-commons/1.19.3/database-commons-1.19.3.jar:/Users/sachingupta/.m2/repository/org/testcontainers/junit-jupiter/1.19.3/junit-jupiter-1.19.3.jar:/Users/sachingupta/.m2/repository/org/testcontainers/testcontainers/1.19.3/testcontainers-1.19.3.jar:/Users/sachingupta/.m2/repository/junit/junit/4.13.2/junit-4.13.2.jar:/Users/sachingupta/.m2/repository/org/hamcrest/hamcrest-core/1.3/hamcrest-core-1.3.jar:/Users/sachingupta/.m2/repository/org/apache/commons/commons-compress/1.24.0/commons-compress-1.24.0.jar:/Users/sachingupta/.m2/repository/org/rnorth/duct-tape/duct-tape/1.0.8/duct-tape-1.0.8.jar:/Users/sachingupta/.m2/repository/org/jetbrains/annotations/17.0.0/annotations-17.0.0.jar:/Users/sachingupta/.m2/repository/com/github/docker-java/docker-java-api/3.3.4/docker-java-api-3.3.4.jar:/Users/sachingupta/.m2/repository/com/github/docker-java/docker-java-transport-zerodep/3.3.4/docker-java-transport-zerodep-3.3.4.jar:/Users/sachingupta/.m2/repository/com/github/docker-java/docker-java-transport/3.3.4/docker-java-transport-3.3.4.jar:/Users/sachingupta/.m2/repository/net/java/dev/jna/jna/5.13.0/jna-5.13.0.jar:"/>
    <property name="sun.cpu.endian" value="little"/>
    <property name="user.home" value="/Users/sachingupta"/>
    <property name="user.language" value="en"/>
    <property name="java.specification.vendor" value="Oracle Corporation"/>
    <property name="java.version.date" value="2025-04-15"/>
    <property name="java.home" value="/opt/homebrew/Cellar/openjdk/24.0.1/libexec/openjdk.jdk/Contents/Home"/>
    <property name="file.separator" value="/"/>
    <property name="basedir" value="/Users/sachingupta/CognisiveLabs/memgres"/>
    <property name="java.vm.compressedOopsMode" value="Zero based"/>
    <property name="line.separator" value="&#10;"/>
    <property name="java.vm.specification.vendor" value="Oracle Corporation"/>
    <property name="java.specification.name" value="Java Platform API Specification"/>
    <property name="apple.awt.application.name" value="ForkedBooter"/>
    <property name="surefire.real.class.path" value="/Users/sachingupta/CognisiveLabs/memgres/target/surefire/surefirebooter-20250808132922739_3.jar"/>
    <property name="sun.management.compiler" value="HotSpot 64-Bit Tiered Compilers"/>
    <property name="ftp.nonProxyHosts" value="local|*.local|169.254/16|*.169.254/16"/>
    <property name="java.runtime.version" value="24.0.1"/>
    <property name="user.name" value="sachingupta"/>
    <property name="stdout.encoding" value="UTF-8"/>
    <property name="path.separator" value=":"/>
    <property name="os.version" value="15.5"/>
    <property name="java.runtime.name" value="OpenJDK Runtime Environment"/>
    <property name="file.encoding" value="UTF-8"/>
    <property name="java.vm.name" value="OpenJDK 64-Bit Server VM"/>
    <property name="java.vendor.version" value="Homebrew"/>
    <property name="localRepository" value="/Users/sachingupta/.m2/repository"/>
    <property name="java.vendor.url.bug" value="https://github.com/Homebrew/homebrew-core/issues"/>
    <property name="java.io.tmpdir" value="/var/folders/yd/g5ftnqb52k1g83p_zq4qwpkh0000gn/T/"/>
    <property name="java.version" value="24.0.1"/>
    <property name="user.dir" value="/Users/sachingupta/CognisiveLabs/memgres"/>
    <property name="os.arch" value="aarch64"/>
    <property name="java.vm.specification.name" value="Java Virtual Machine Specification"/>
    <property name="native.encoding" value="UTF-8"/>
    <property name="java.library.path" value="/Users/sachingupta/Library/Java/Extensions:/Library/Java/Extensions:/Network/Library/Java/Extensions:/System/Library/Java/Extensions:/usr/lib/java:."/>
    <property name="java.vm.info" value="mixed mode, sharing"/>
    <property name="stderr.encoding" value="UTF-8"/>
    <property name="java.vendor" value="Homebrew"/>
    <property name="java.vm.version" value="24.0.1"/>
    <property name="sun.io.unicode.encoding" value="UnicodeBig"/>
    <property name="socksNonProxyHosts" value="local|*.local|169.254/16|*.169.254/16"/>
    <property name="java.class.version" value="68.0"/>
  </properties>
  <testcase name="testCountFunction" classname="com.memgres.sql.AggregationIntegrationTest" time="0.002">
    <system-out><![CDATA[13:29:25.327 [main] INFO com.memgres.transaction.TransactionManager -- Transaction manager initialized
13:29:25.327 [main] INFO com.memgres.core.MemGresEngine -- MemGres Engine created
13:29:25.327 [main] DEBUG com.memgres.storage.Schema -- Created schema: public
13:29:25.327 [main] INFO com.memgres.core.MemGresEngine -- MemGres Engine initialized successfully
13:29:25.327 [main] DEBUG com.memgres.transaction.Transaction -- Created transaction 1 with isolation level READ COMMITTED
13:29:25.327 [main] DEBUG com.memgres.transaction.TransactionManager -- Started transaction 1 with isolation level READ COMMITTED
13:29:25.327 [main] DEBUG com.memgres.transaction.TransactionContext -- Set transaction context for thread main to transaction 1
13:29:25.327 [main] DEBUG com.memgres.storage.Table -- Created table: employees with 5 columns
13:29:25.327 [main] DEBUG com.memgres.storage.Schema -- Created table employees in schema public
13:29:25.327 [main] DEBUG com.memgres.sql.execution.StatementExecutor -- CREATE TABLE executed: employees created
13:29:25.327 [main] DEBUG com.memgres.transaction.Transaction -- Transaction 1 committed successfully
13:29:25.327 [main] DEBUG com.memgres.transaction.TransactionManager -- Committed transaction 1
13:29:25.327 [main] DEBUG com.memgres.sql.execution.SqlExecutionEngine -- Successfully executed SQL:     CREATE TABLE employees (
        emp_id INTEGER,
        name VARCHAR(255),
        dept_id INTEGER,
        salary INTEGER,
        active BOOLEAN
    )

13:29:25.327 [main] DEBUG com.memgres.transaction.TransactionContext -- Cleared transaction context for thread main (was transaction 1)
13:29:25.327 [main] DEBUG com.memgres.transaction.Transaction -- Created transaction 2 with isolation level READ COMMITTED
13:29:25.327 [main] DEBUG com.memgres.transaction.TransactionManager -- Started transaction 2 with isolation level READ COMMITTED
13:29:25.327 [main] DEBUG com.memgres.transaction.TransactionContext -- Set transaction context for thread main to transaction 2
13:29:25.327 [main] DEBUG com.memgres.storage.Table -- Inserted row 1 into table employees
13:29:25.327 [main] DEBUG com.memgres.sql.execution.StatementExecutor -- INSERT executed: 1 rows inserted into employees
13:29:25.327 [main] DEBUG com.memgres.transaction.Transaction -- Transaction 2 committed successfully
13:29:25.327 [main] DEBUG com.memgres.transaction.TransactionManager -- Committed transaction 2
13:29:25.327 [main] DEBUG com.memgres.sql.execution.SqlExecutionEngine -- Successfully executed SQL: INSERT INTO employees VALUES (1, 'Alice Johnson', 1, 90000, true)
13:29:25.327 [main] DEBUG com.memgres.transaction.TransactionContext -- Cleared transaction context for thread main (was transaction 2)
13:29:25.327 [main] DEBUG com.memgres.transaction.Transaction -- Created transaction 3 with isolation level READ COMMITTED
13:29:25.327 [main] DEBUG com.memgres.transaction.TransactionManager -- Started transaction 3 with isolation level READ COMMITTED
13:29:25.327 [main] DEBUG com.memgres.transaction.TransactionContext -- Set transaction context for thread main to transaction 3
13:29:25.327 [main] DEBUG com.memgres.storage.Table -- Inserted row 2 into table employees
13:29:25.327 [main] DEBUG com.memgres.sql.execution.StatementExecutor -- INSERT executed: 1 rows inserted into employees
13:29:25.327 [main] DEBUG com.memgres.transaction.Transaction -- Transaction 3 committed successfully
13:29:25.327 [main] DEBUG com.memgres.transaction.TransactionManager -- Committed transaction 3
13:29:25.327 [main] DEBUG com.memgres.sql.execution.SqlExecutionEngine -- Successfully executed SQL: INSERT INTO employees VALUES (2, 'Bob Smith', 1, 85000, true)
13:29:25.327 [main] DEBUG com.memgres.transaction.TransactionContext -- Cleared transaction context for thread main (was transaction 3)
13:29:25.327 [main] DEBUG com.memgres.transaction.Transaction -- Created transaction 4 with isolation level READ COMMITTED
13:29:25.327 [main] DEBUG com.memgres.transaction.TransactionManager -- Started transaction 4 with isolation level READ COMMITTED
13:29:25.327 [main] DEBUG com.memgres.transaction.TransactionContext -- Set transaction context for thread main to transaction 4
13:29:25.327 [main] DEBUG com.memgres.storage.Table -- Inserted row 3 into table employees
13:29:25.327 [main] DEBUG com.memgres.sql.execution.StatementExecutor -- INSERT executed: 1 rows inserted into employees
13:29:25.327 [main] DEBUG com.memgres.transaction.Transaction -- Transaction 4 committed successfully
13:29:25.327 [main] DEBUG com.memgres.transaction.TransactionManager -- Committed transaction 4
13:29:25.327 [main] DEBUG com.memgres.sql.execution.SqlExecutionEngine -- Successfully executed SQL: INSERT INTO employees VALUES (3, 'Carol White', 2, 75000, true)
13:29:25.327 [main] DEBUG com.memgres.transaction.TransactionContext -- Cleared transaction context for thread main (was transaction 4)
13:29:25.327 [main] DEBUG com.memgres.transaction.Transaction -- Created transaction 5 with isolation level READ COMMITTED
13:29:25.327 [main] DEBUG com.memgres.transaction.TransactionManager -- Started transaction 5 with isolation level READ COMMITTED
13:29:25.327 [main] DEBUG com.memgres.transaction.TransactionContext -- Set transaction context for thread main to transaction 5
13:29:25.327 [main] DEBUG com.memgres.storage.Table -- Inserted row 4 into table employees
13:29:25.327 [main] DEBUG com.memgres.sql.execution.StatementExecutor -- INSERT executed: 1 rows inserted into employees
13:29:25.327 [main] DEBUG com.memgres.transaction.Transaction -- Transaction 5 committed successfully
13:29:25.327 [main] DEBUG com.memgres.transaction.TransactionManager -- Committed transaction 5
13:29:25.327 [main] DEBUG com.memgres.sql.execution.SqlExecutionEngine -- Successfully executed SQL: INSERT INTO employees VALUES (4, 'David Brown', 2, 70000, false)
13:29:25.327 [main] DEBUG com.memgres.transaction.TransactionContext -- Cleared transaction context for thread main (was transaction 5)
13:29:25.327 [main] DEBUG com.memgres.transaction.Transaction -- Created transaction 6 with isolation level READ COMMITTED
13:29:25.327 [main] DEBUG com.memgres.transaction.TransactionManager -- Started transaction 6 with isolation level READ COMMITTED
13:29:25.327 [main] DEBUG com.memgres.transaction.TransactionContext -- Set transaction context for thread main to transaction 6
13:29:25.327 [main] DEBUG com.memgres.storage.Table -- Inserted row 5 into table employees
13:29:25.327 [main] DEBUG com.memgres.sql.execution.StatementExecutor -- INSERT executed: 1 rows inserted into employees
13:29:25.327 [main] DEBUG com.memgres.transaction.Transaction -- Transaction 6 committed successfully
13:29:25.327 [main] DEBUG com.memgres.transaction.TransactionManager -- Committed transaction 6
13:29:25.327 [main] DEBUG com.memgres.sql.execution.SqlExecutionEngine -- Successfully executed SQL: INSERT INTO employees VALUES (5, 'Eve Davis', 3, 65000, true)
13:29:25.327 [main] DEBUG com.memgres.transaction.TransactionContext -- Cleared transaction context for thread main (was transaction 6)
13:29:25.328 [main] DEBUG com.memgres.transaction.Transaction -- Created transaction 7 with isolation level READ COMMITTED
13:29:25.328 [main] DEBUG com.memgres.transaction.TransactionManager -- Started transaction 7 with isolation level READ COMMITTED
13:29:25.328 [main] DEBUG com.memgres.transaction.TransactionContext -- Set transaction context for thread main to transaction 7
13:29:25.328 [main] DEBUG com.memgres.storage.Table -- Inserted row 6 into table employees
13:29:25.328 [main] DEBUG com.memgres.sql.execution.StatementExecutor -- INSERT executed: 1 rows inserted into employees
13:29:25.328 [main] DEBUG com.memgres.transaction.Transaction -- Transaction 7 committed successfully
13:29:25.328 [main] DEBUG com.memgres.transaction.TransactionManager -- Committed transaction 7
13:29:25.328 [main] DEBUG com.memgres.sql.execution.SqlExecutionEngine -- Successfully executed SQL: INSERT INTO employees VALUES (6, 'Frank Wilson', 1, 50000, true)
13:29:25.328 [main] DEBUG com.memgres.transaction.TransactionContext -- Cleared transaction context for thread main (was transaction 7)
13:29:25.328 [main] INFO com.memgres.sql.AggregationIntegrationTest -- Test table created: employees (6 rows)
13:29:25.328 [main] INFO com.memgres.sql.AggregationIntegrationTest -- Aggregation test setup complete
13:29:25.328 [main] INFO com.memgres.sql.AggregationIntegrationTest -- Testing COUNT function
13:29:25.328 [main] DEBUG com.memgres.transaction.Transaction -- Created transaction 8 with isolation level READ COMMITTED
13:29:25.328 [main] DEBUG com.memgres.transaction.TransactionManager -- Started transaction 8 with isolation level READ COMMITTED
13:29:25.328 [main] DEBUG com.memgres.transaction.TransactionContext -- Set transaction context for thread main to transaction 8
13:29:25.329 [main] DEBUG com.memgres.sql.execution.StatementExecutor -- SELECT executed: 1 rows returned
13:29:25.329 [main] DEBUG com.memgres.transaction.Transaction -- Transaction 8 committed successfully
13:29:25.329 [main] DEBUG com.memgres.transaction.TransactionManager -- Committed transaction 8
13:29:25.329 [main] DEBUG com.memgres.sql.execution.SqlExecutionEngine -- Successfully executed SQL: SELECT COUNT(*) as total_count FROM employees
13:29:25.329 [main] DEBUG com.memgres.transaction.TransactionContext -- Cleared transaction context for thread main (was transaction 8)
13:29:25.329 [main] DEBUG com.memgres.transaction.Transaction -- Created transaction 9 with isolation level READ COMMITTED
13:29:25.329 [main] DEBUG com.memgres.transaction.TransactionManager -- Started transaction 9 with isolation level READ COMMITTED
13:29:25.329 [main] DEBUG com.memgres.transaction.TransactionContext -- Set transaction context for thread main to transaction 9
13:29:25.329 [main] DEBUG com.memgres.sql.execution.StatementExecutor -- SELECT executed: 1 rows returned
13:29:25.329 [main] DEBUG com.memgres.transaction.Transaction -- Transaction 9 committed successfully
13:29:25.329 [main] DEBUG com.memgres.transaction.TransactionManager -- Committed transaction 9
13:29:25.329 [main] DEBUG com.memgres.sql.execution.SqlExecutionEngine -- Successfully executed SQL: SELECT COUNT(*) as active_count FROM employees WHERE active = true
13:29:25.329 [main] DEBUG com.memgres.transaction.TransactionContext -- Cleared transaction context for thread main (was transaction 9)
13:29:25.329 [main] INFO com.memgres.sql.AggregationIntegrationTest -- Active employee count: 5
13:29:25.329 [main] INFO com.memgres.sql.AggregationIntegrationTest -- COUNT function test passed
13:29:25.329 [main] INFO com.memgres.transaction.TransactionManager -- Shutting down transaction manager with 0 active transactions
13:29:25.329 [main] INFO com.memgres.transaction.TransactionManager -- Transaction manager shutdown complete
13:29:25.329 [main] INFO com.memgres.core.MemGresEngine -- MemGres Engine shutdown successfully
13:29:25.329 [main] INFO com.memgres.sql.AggregationIntegrationTest -- Aggregation test teardown complete
]]></system-out>
  </testcase>
  <testcase name="testMultipleAggregatesInGroupBy" classname="com.memgres.sql.AggregationIntegrationTest" time="0.006">
    <system-out><![CDATA[13:29:25.330 [main] INFO com.memgres.transaction.TransactionManager -- Transaction manager initialized
13:29:25.330 [main] INFO com.memgres.core.MemGresEngine -- MemGres Engine created
13:29:25.330 [main] DEBUG com.memgres.storage.Schema -- Created schema: public
13:29:25.330 [main] INFO com.memgres.core.MemGresEngine -- MemGres Engine initialized successfully
13:29:25.330 [main] DEBUG com.memgres.transaction.Transaction -- Created transaction 1 with isolation level READ COMMITTED
13:29:25.330 [main] DEBUG com.memgres.transaction.TransactionManager -- Started transaction 1 with isolation level READ COMMITTED
13:29:25.330 [main] DEBUG com.memgres.transaction.TransactionContext -- Set transaction context for thread main to transaction 1
13:29:25.330 [main] DEBUG com.memgres.storage.Table -- Created table: employees with 5 columns
13:29:25.330 [main] DEBUG com.memgres.storage.Schema -- Created table employees in schema public
13:29:25.330 [main] DEBUG com.memgres.sql.execution.StatementExecutor -- CREATE TABLE executed: employees created
13:29:25.330 [main] DEBUG com.memgres.transaction.Transaction -- Transaction 1 committed successfully
13:29:25.330 [main] DEBUG com.memgres.transaction.TransactionManager -- Committed transaction 1
13:29:25.330 [main] DEBUG com.memgres.sql.execution.SqlExecutionEngine -- Successfully executed SQL:     CREATE TABLE employees (
        emp_id INTEGER,
        name VARCHAR(255),
        dept_id INTEGER,
        salary INTEGER,
        active BOOLEAN
    )

13:29:25.330 [main] DEBUG com.memgres.transaction.TransactionContext -- Cleared transaction context for thread main (was transaction 1)
13:29:25.331 [main] DEBUG com.memgres.transaction.Transaction -- Created transaction 2 with isolation level READ COMMITTED
13:29:25.331 [main] DEBUG com.memgres.transaction.TransactionManager -- Started transaction 2 with isolation level READ COMMITTED
13:29:25.331 [main] DEBUG com.memgres.transaction.TransactionContext -- Set transaction context for thread main to transaction 2
13:29:25.331 [main] DEBUG com.memgres.storage.Table -- Inserted row 1 into table employees
13:29:25.331 [main] DEBUG com.memgres.sql.execution.StatementExecutor -- INSERT executed: 1 rows inserted into employees
13:29:25.331 [main] DEBUG com.memgres.transaction.Transaction -- Transaction 2 committed successfully
13:29:25.331 [main] DEBUG com.memgres.transaction.TransactionManager -- Committed transaction 2
13:29:25.331 [main] DEBUG com.memgres.sql.execution.SqlExecutionEngine -- Successfully executed SQL: INSERT INTO employees VALUES (1, 'Alice Johnson', 1, 90000, true)
13:29:25.331 [main] DEBUG com.memgres.transaction.TransactionContext -- Cleared transaction context for thread main (was transaction 2)
13:29:25.331 [main] DEBUG com.memgres.transaction.Transaction -- Created transaction 3 with isolation level READ COMMITTED
13:29:25.331 [main] DEBUG com.memgres.transaction.TransactionManager -- Started transaction 3 with isolation level READ COMMITTED
13:29:25.331 [main] DEBUG com.memgres.transaction.TransactionContext -- Set transaction context for thread main to transaction 3
13:29:25.331 [main] DEBUG com.memgres.storage.Table -- Inserted row 2 into table employees
13:29:25.331 [main] DEBUG com.memgres.sql.execution.StatementExecutor -- INSERT executed: 1 rows inserted into employees
13:29:25.331 [main] DEBUG com.memgres.transaction.Transaction -- Transaction 3 committed successfully
13:29:25.331 [main] DEBUG com.memgres.transaction.TransactionManager -- Committed transaction 3
13:29:25.331 [main] DEBUG com.memgres.sql.execution.SqlExecutionEngine -- Successfully executed SQL: INSERT INTO employees VALUES (2, 'Bob Smith', 1, 85000, true)
13:29:25.331 [main] DEBUG com.memgres.transaction.TransactionContext -- Cleared transaction context for thread main (was transaction 3)
13:29:25.331 [main] DEBUG com.memgres.transaction.Transaction -- Created transaction 4 with isolation level READ COMMITTED
13:29:25.331 [main] DEBUG com.memgres.transaction.TransactionManager -- Started transaction 4 with isolation level READ COMMITTED
13:29:25.331 [main] DEBUG com.memgres.transaction.TransactionContext -- Set transaction context for thread main to transaction 4
13:29:25.331 [main] DEBUG com.memgres.storage.Table -- Inserted row 3 into table employees
13:29:25.331 [main] DEBUG com.memgres.sql.execution.StatementExecutor -- INSERT executed: 1 rows inserted into employees
13:29:25.331 [main] DEBUG com.memgres.transaction.Transaction -- Transaction 4 committed successfully
13:29:25.331 [main] DEBUG com.memgres.transaction.TransactionManager -- Committed transaction 4
13:29:25.331 [main] DEBUG com.memgres.sql.execution.SqlExecutionEngine -- Successfully executed SQL: INSERT INTO employees VALUES (3, 'Carol White', 2, 75000, true)
13:29:25.332 [main] DEBUG com.memgres.transaction.TransactionContext -- Cleared transaction context for thread main (was transaction 4)
13:29:25.332 [main] DEBUG com.memgres.transaction.Transaction -- Created transaction 5 with isolation level READ COMMITTED
13:29:25.332 [main] DEBUG com.memgres.transaction.TransactionManager -- Started transaction 5 with isolation level READ COMMITTED
13:29:25.332 [main] DEBUG com.memgres.transaction.TransactionContext -- Set transaction context for thread main to transaction 5
13:29:25.332 [main] DEBUG com.memgres.storage.Table -- Inserted row 4 into table employees
13:29:25.332 [main] DEBUG com.memgres.sql.execution.StatementExecutor -- INSERT executed: 1 rows inserted into employees
13:29:25.332 [main] DEBUG com.memgres.transaction.Transaction -- Transaction 5 committed successfully
13:29:25.332 [main] DEBUG com.memgres.transaction.TransactionManager -- Committed transaction 5
13:29:25.332 [main] DEBUG com.memgres.sql.execution.SqlExecutionEngine -- Successfully executed SQL: INSERT INTO employees VALUES (4, 'David Brown', 2, 70000, false)
13:29:25.332 [main] DEBUG com.memgres.transaction.TransactionContext -- Cleared transaction context for thread main (was transaction 5)
13:29:25.332 [main] DEBUG com.memgres.transaction.Transaction -- Created transaction 6 with isolation level READ COMMITTED
13:29:25.332 [main] DEBUG com.memgres.transaction.TransactionManager -- Started transaction 6 with isolation level READ COMMITTED
13:29:25.332 [main] DEBUG com.memgres.transaction.TransactionContext -- Set transaction context for thread main to transaction 6
13:29:25.332 [main] DEBUG com.memgres.storage.Table -- Inserted row 5 into table employees
13:29:25.332 [main] DEBUG com.memgres.sql.execution.StatementExecutor -- INSERT executed: 1 rows inserted into employees
13:29:25.332 [main] DEBUG com.memgres.transaction.Transaction -- Transaction 6 committed successfully
13:29:25.332 [main] DEBUG com.memgres.transaction.TransactionManager -- Committed transaction 6
13:29:25.332 [main] DEBUG com.memgres.sql.execution.SqlExecutionEngine -- Successfully executed SQL: INSERT INTO employees VALUES (5, 'Eve Davis', 3, 65000, true)
13:29:25.332 [main] DEBUG com.memgres.transaction.TransactionContext -- Cleared transaction context for thread main (was transaction 6)
13:29:25.332 [main] DEBUG com.memgres.transaction.Transaction -- Created transaction 7 with isolation level READ COMMITTED
13:29:25.332 [main] DEBUG com.memgres.transaction.TransactionManager -- Started transaction 7 with isolation level READ COMMITTED
13:29:25.332 [main] DEBUG com.memgres.transaction.TransactionContext -- Set transaction context for thread main to transaction 7
13:29:25.332 [main] DEBUG com.memgres.storage.Table -- Inserted row 6 into table employees
13:29:25.332 [main] DEBUG com.memgres.sql.execution.StatementExecutor -- INSERT executed: 1 rows inserted into employees
13:29:25.332 [main] DEBUG com.memgres.transaction.Transaction -- Transaction 7 committed successfully
13:29:25.332 [main] DEBUG com.memgres.transaction.TransactionManager -- Committed transaction 7
13:29:25.332 [main] DEBUG com.memgres.sql.execution.SqlExecutionEngine -- Successfully executed SQL: INSERT INTO employees VALUES (6, 'Frank Wilson', 1, 50000, true)
13:29:25.332 [main] DEBUG com.memgres.transaction.TransactionContext -- Cleared transaction context for thread main (was transaction 7)
13:29:25.332 [main] INFO com.memgres.sql.AggregationIntegrationTest -- Test table created: employees (6 rows)
13:29:25.332 [main] INFO com.memgres.sql.AggregationIntegrationTest -- Aggregation test setup complete
13:29:25.332 [main] INFO com.memgres.sql.AggregationIntegrationTest -- Testing multiple aggregates in GROUP BY
13:29:25.334 [main] DEBUG com.memgres.transaction.Transaction -- Created transaction 8 with isolation level READ COMMITTED
13:29:25.335 [main] DEBUG com.memgres.transaction.TransactionManager -- Started transaction 8 with isolation level READ COMMITTED
13:29:25.335 [main] DEBUG com.memgres.transaction.TransactionContext -- Set transaction context for thread main to transaction 8
13:29:25.336 [main] DEBUG com.memgres.sql.execution.StatementExecutor -- SELECT executed: 3 rows returned
13:29:25.336 [main] DEBUG com.memgres.transaction.Transaction -- Transaction 8 committed successfully
13:29:25.336 [main] DEBUG com.memgres.transaction.TransactionManager -- Committed transaction 8
13:29:25.336 [main] DEBUG com.memgres.sql.execution.SqlExecutionEngine -- Successfully executed SQL:     SELECT dept_id, COUNT(*) as emp_count, AVG(salary) as avg_salary, MAX(salary) as max_salary
    FROM employees
    WHERE active = true
    GROUP BY dept_id

13:29:25.336 [main] DEBUG com.memgres.transaction.TransactionContext -- Cleared transaction context for thread main (was transaction 8)
13:29:25.336 [main] INFO com.memgres.sql.AggregationIntegrationTest -- Multiple aggregates in GROUP BY test passed
13:29:25.336 [main] INFO com.memgres.transaction.TransactionManager -- Shutting down transaction manager with 0 active transactions
13:29:25.336 [main] INFO com.memgres.transaction.TransactionManager -- Transaction manager shutdown complete
13:29:25.336 [main] INFO com.memgres.core.MemGresEngine -- MemGres Engine shutdown successfully
13:29:25.336 [main] INFO com.memgres.sql.AggregationIntegrationTest -- Aggregation test teardown complete
]]></system-out>
  </testcase>
  <testcase name="testSumFunction" classname="com.memgres.sql.AggregationIntegrationTest" time="0.002">
    <system-out><![CDATA[13:29:25.336 [main] INFO com.memgres.transaction.TransactionManager -- Transaction manager initialized
13:29:25.336 [main] INFO com.memgres.core.MemGresEngine -- MemGres Engine created
13:29:25.336 [main] DEBUG com.memgres.storage.Schema -- Created schema: public
13:29:25.336 [main] INFO com.memgres.core.MemGresEngine -- MemGres Engine initialized successfully
13:29:25.337 [main] DEBUG com.memgres.transaction.Transaction -- Created transaction 1 with isolation level READ COMMITTED
13:29:25.337 [main] DEBUG com.memgres.transaction.TransactionManager -- Started transaction 1 with isolation level READ COMMITTED
13:29:25.337 [main] DEBUG com.memgres.transaction.TransactionContext -- Set transaction context for thread main to transaction 1
13:29:25.337 [main] DEBUG com.memgres.storage.Table -- Created table: employees with 5 columns
13:29:25.337 [main] DEBUG com.memgres.storage.Schema -- Created table employees in schema public
13:29:25.337 [main] DEBUG com.memgres.sql.execution.StatementExecutor -- CREATE TABLE executed: employees created
13:29:25.337 [main] DEBUG com.memgres.transaction.Transaction -- Transaction 1 committed successfully
13:29:25.337 [main] DEBUG com.memgres.transaction.TransactionManager -- Committed transaction 1
13:29:25.337 [main] DEBUG com.memgres.sql.execution.SqlExecutionEngine -- Successfully executed SQL:     CREATE TABLE employees (
        emp_id INTEGER,
        name VARCHAR(255),
        dept_id INTEGER,
        salary INTEGER,
        active BOOLEAN
    )

13:29:25.337 [main] DEBUG com.memgres.transaction.TransactionContext -- Cleared transaction context for thread main (was transaction 1)
13:29:25.337 [main] DEBUG com.memgres.transaction.Transaction -- Created transaction 2 with isolation level READ COMMITTED
13:29:25.337 [main] DEBUG com.memgres.transaction.TransactionManager -- Started transaction 2 with isolation level READ COMMITTED
13:29:25.337 [main] DEBUG com.memgres.transaction.TransactionContext -- Set transaction context for thread main to transaction 2
13:29:25.337 [main] DEBUG com.memgres.storage.Table -- Inserted row 1 into table employees
13:29:25.337 [main] DEBUG com.memgres.sql.execution.StatementExecutor -- INSERT executed: 1 rows inserted into employees
13:29:25.337 [main] DEBUG com.memgres.transaction.Transaction -- Transaction 2 committed successfully
13:29:25.337 [main] DEBUG com.memgres.transaction.TransactionManager -- Committed transaction 2
13:29:25.337 [main] DEBUG com.memgres.sql.execution.SqlExecutionEngine -- Successfully executed SQL: INSERT INTO employees VALUES (1, 'Alice Johnson', 1, 90000, true)
13:29:25.337 [main] DEBUG com.memgres.transaction.TransactionContext -- Cleared transaction context for thread main (was transaction 2)
13:29:25.337 [main] DEBUG com.memgres.transaction.Transaction -- Created transaction 3 with isolation level READ COMMITTED
13:29:25.337 [main] DEBUG com.memgres.transaction.TransactionManager -- Started transaction 3 with isolation level READ COMMITTED
13:29:25.337 [main] DEBUG com.memgres.transaction.TransactionContext -- Set transaction context for thread main to transaction 3
13:29:25.337 [main] DEBUG com.memgres.storage.Table -- Inserted row 2 into table employees
13:29:25.337 [main] DEBUG com.memgres.sql.execution.StatementExecutor -- INSERT executed: 1 rows inserted into employees
13:29:25.337 [main] DEBUG com.memgres.transaction.Transaction -- Transaction 3 committed successfully
13:29:25.337 [main] DEBUG com.memgres.transaction.TransactionManager -- Committed transaction 3
13:29:25.337 [main] DEBUG com.memgres.sql.execution.SqlExecutionEngine -- Successfully executed SQL: INSERT INTO employees VALUES (2, 'Bob Smith', 1, 85000, true)
13:29:25.337 [main] DEBUG com.memgres.transaction.TransactionContext -- Cleared transaction context for thread main (was transaction 3)
13:29:25.337 [main] DEBUG com.memgres.transaction.Transaction -- Created transaction 4 with isolation level READ COMMITTED
13:29:25.337 [main] DEBUG com.memgres.transaction.TransactionManager -- Started transaction 4 with isolation level READ COMMITTED
13:29:25.337 [main] DEBUG com.memgres.transaction.TransactionContext -- Set transaction context for thread main to transaction 4
13:29:25.337 [main] DEBUG com.memgres.storage.Table -- Inserted row 3 into table employees
13:29:25.337 [main] DEBUG com.memgres.sql.execution.StatementExecutor -- INSERT executed: 1 rows inserted into employees
13:29:25.337 [main] DEBUG com.memgres.transaction.Transaction -- Transaction 4 committed successfully
13:29:25.337 [main] DEBUG com.memgres.transaction.TransactionManager -- Committed transaction 4
13:29:25.337 [main] DEBUG com.memgres.sql.execution.SqlExecutionEngine -- Successfully executed SQL: INSERT INTO employees VALUES (3, 'Carol White', 2, 75000, true)
13:29:25.337 [main] DEBUG com.memgres.transaction.TransactionContext -- Cleared transaction context for thread main (was transaction 4)
13:29:25.337 [main] DEBUG com.memgres.transaction.Transaction -- Created transaction 5 with isolation level READ COMMITTED
13:29:25.337 [main] DEBUG com.memgres.transaction.TransactionManager -- Started transaction 5 with isolation level READ COMMITTED
13:29:25.337 [main] DEBUG com.memgres.transaction.TransactionContext -- Set transaction context for thread main to transaction 5
13:29:25.337 [main] DEBUG com.memgres.storage.Table -- Inserted row 4 into table employees
13:29:25.337 [main] DEBUG com.memgres.sql.execution.StatementExecutor -- INSERT executed: 1 rows inserted into employees
13:29:25.337 [main] DEBUG com.memgres.transaction.Transaction -- Transaction 5 committed successfully
13:29:25.337 [main] DEBUG com.memgres.transaction.TransactionManager -- Committed transaction 5
13:29:25.337 [main] DEBUG com.memgres.sql.execution.SqlExecutionEngine -- Successfully executed SQL: INSERT INTO employees VALUES (4, 'David Brown', 2, 70000, false)
13:29:25.337 [main] DEBUG com.memgres.transaction.TransactionContext -- Cleared transaction context for thread main (was transaction 5)
13:29:25.337 [main] DEBUG com.memgres.transaction.Transaction -- Created transaction 6 with isolation level READ COMMITTED
13:29:25.337 [main] DEBUG com.memgres.transaction.TransactionManager -- Started transaction 6 with isolation level READ COMMITTED
13:29:25.337 [main] DEBUG com.memgres.transaction.TransactionContext -- Set transaction context for thread main to transaction 6
13:29:25.337 [main] DEBUG com.memgres.storage.Table -- Inserted row 5 into table employees
13:29:25.337 [main] DEBUG com.memgres.sql.execution.StatementExecutor -- INSERT executed: 1 rows inserted into employees
13:29:25.337 [main] DEBUG com.memgres.transaction.Transaction -- Transaction 6 committed successfully
13:29:25.337 [main] DEBUG com.memgres.transaction.TransactionManager -- Committed transaction 6
13:29:25.337 [main] DEBUG com.memgres.sql.execution.SqlExecutionEngine -- Successfully executed SQL: INSERT INTO employees VALUES (5, 'Eve Davis', 3, 65000, true)
13:29:25.337 [main] DEBUG com.memgres.transaction.TransactionContext -- Cleared transaction context for thread main (was transaction 6)
13:29:25.337 [main] DEBUG com.memgres.transaction.Transaction -- Created transaction 7 with isolation level READ COMMITTED
13:29:25.337 [main] DEBUG com.memgres.transaction.TransactionManager -- Started transaction 7 with isolation level READ COMMITTED
13:29:25.337 [main] DEBUG com.memgres.transaction.TransactionContext -- Set transaction context for thread main to transaction 7
13:29:25.337 [main] DEBUG com.memgres.storage.Table -- Inserted row 6 into table employees
13:29:25.337 [main] DEBUG com.memgres.sql.execution.StatementExecutor -- INSERT executed: 1 rows inserted into employees
13:29:25.337 [main] DEBUG com.memgres.transaction.Transaction -- Transaction 7 committed successfully
13:29:25.337 [main] DEBUG com.memgres.transaction.TransactionManager -- Committed transaction 7
13:29:25.337 [main] DEBUG com.memgres.sql.execution.SqlExecutionEngine -- Successfully executed SQL: INSERT INTO employees VALUES (6, 'Frank Wilson', 1, 50000, true)
13:29:25.337 [main] DEBUG com.memgres.transaction.TransactionContext -- Cleared transaction context for thread main (was transaction 7)
13:29:25.337 [main] INFO com.memgres.sql.AggregationIntegrationTest -- Test table created: employees (6 rows)
13:29:25.337 [main] INFO com.memgres.sql.AggregationIntegrationTest -- Aggregation test setup complete
13:29:25.337 [main] INFO com.memgres.sql.AggregationIntegrationTest -- Testing SUM function
13:29:25.338 [main] DEBUG com.memgres.transaction.Transaction -- Created transaction 8 with isolation level READ COMMITTED
13:29:25.338 [main] DEBUG com.memgres.transaction.TransactionManager -- Started transaction 8 with isolation level READ COMMITTED
13:29:25.338 [main] DEBUG com.memgres.transaction.TransactionContext -- Set transaction context for thread main to transaction 8
13:29:25.338 [main] DEBUG com.memgres.sql.execution.StatementExecutor -- SELECT executed: 1 rows returned
13:29:25.338 [main] DEBUG com.memgres.transaction.Transaction -- Transaction 8 committed successfully
13:29:25.338 [main] DEBUG com.memgres.transaction.TransactionManager -- Committed transaction 8
13:29:25.338 [main] DEBUG com.memgres.sql.execution.SqlExecutionEngine -- Successfully executed SQL: SELECT SUM(salary) as total_salary FROM employees WHERE active = true
13:29:25.338 [main] DEBUG com.memgres.transaction.TransactionContext -- Cleared transaction context for thread main (was transaction 8)
13:29:25.338 [main] INFO com.memgres.sql.AggregationIntegrationTest -- SUM function test passed
13:29:25.338 [main] INFO com.memgres.transaction.TransactionManager -- Shutting down transaction manager with 0 active transactions
13:29:25.338 [main] INFO com.memgres.transaction.TransactionManager -- Transaction manager shutdown complete
13:29:25.338 [main] INFO com.memgres.core.MemGresEngine -- MemGres Engine shutdown successfully
13:29:25.338 [main] INFO com.memgres.sql.AggregationIntegrationTest -- Aggregation test teardown complete
]]></system-out>
  </testcase>
  <testcase name="testAvgFunction" classname="com.memgres.sql.AggregationIntegrationTest" time="0.004">
    <system-out><![CDATA[13:29:25.338 [main] INFO com.memgres.transaction.TransactionManager -- Transaction manager initialized
13:29:25.338 [main] INFO com.memgres.core.MemGresEngine -- MemGres Engine created
13:29:25.338 [main] DEBUG com.memgres.storage.Schema -- Created schema: public
13:29:25.338 [main] INFO com.memgres.core.MemGresEngine -- MemGres Engine initialized successfully
13:29:25.339 [main] DEBUG com.memgres.transaction.Transaction -- Created transaction 1 with isolation level READ COMMITTED
13:29:25.339 [main] DEBUG com.memgres.transaction.TransactionManager -- Started transaction 1 with isolation level READ COMMITTED
13:29:25.339 [main] DEBUG com.memgres.transaction.TransactionContext -- Set transaction context for thread main to transaction 1
13:29:25.339 [main] DEBUG com.memgres.storage.Table -- Created table: employees with 5 columns
13:29:25.339 [main] DEBUG com.memgres.storage.Schema -- Created table employees in schema public
13:29:25.339 [main] DEBUG com.memgres.sql.execution.StatementExecutor -- CREATE TABLE executed: employees created
13:29:25.339 [main] DEBUG com.memgres.transaction.Transaction -- Transaction 1 committed successfully
13:29:25.339 [main] DEBUG com.memgres.transaction.TransactionManager -- Committed transaction 1
13:29:25.339 [main] DEBUG com.memgres.sql.execution.SqlExecutionEngine -- Successfully executed SQL:     CREATE TABLE employees (
        emp_id INTEGER,
        name VARCHAR(255),
        dept_id INTEGER,
        salary INTEGER,
        active BOOLEAN
    )

13:29:25.339 [main] DEBUG com.memgres.transaction.TransactionContext -- Cleared transaction context for thread main (was transaction 1)
13:29:25.339 [main] DEBUG com.memgres.transaction.Transaction -- Created transaction 2 with isolation level READ COMMITTED
13:29:25.339 [main] DEBUG com.memgres.transaction.TransactionManager -- Started transaction 2 with isolation level READ COMMITTED
13:29:25.339 [main] DEBUG com.memgres.transaction.TransactionContext -- Set transaction context for thread main to transaction 2
13:29:25.339 [main] DEBUG com.memgres.storage.Table -- Inserted row 1 into table employees
13:29:25.339 [main] DEBUG com.memgres.sql.execution.StatementExecutor -- INSERT executed: 1 rows inserted into employees
13:29:25.339 [main] DEBUG com.memgres.transaction.Transaction -- Transaction 2 committed successfully
13:29:25.339 [main] DEBUG com.memgres.transaction.TransactionManager -- Committed transaction 2
13:29:25.339 [main] DEBUG com.memgres.sql.execution.SqlExecutionEngine -- Successfully executed SQL: INSERT INTO employees VALUES (1, 'Alice Johnson', 1, 90000, true)
13:29:25.340 [main] DEBUG com.memgres.transaction.TransactionContext -- Cleared transaction context for thread main (was transaction 2)
13:29:25.340 [main] DEBUG com.memgres.transaction.Transaction -- Created transaction 3 with isolation level READ COMMITTED
13:29:25.340 [main] DEBUG com.memgres.transaction.TransactionManager -- Started transaction 3 with isolation level READ COMMITTED
13:29:25.340 [main] DEBUG com.memgres.transaction.TransactionContext -- Set transaction context for thread main to transaction 3
13:29:25.340 [main] DEBUG com.memgres.storage.Table -- Inserted row 2 into table employees
13:29:25.340 [main] DEBUG com.memgres.sql.execution.StatementExecutor -- INSERT executed: 1 rows inserted into employees
13:29:25.340 [main] DEBUG com.memgres.transaction.Transaction -- Transaction 3 committed successfully
13:29:25.340 [main] DEBUG com.memgres.transaction.TransactionManager -- Committed transaction 3
13:29:25.340 [main] DEBUG com.memgres.sql.execution.SqlExecutionEngine -- Successfully executed SQL: INSERT INTO employees VALUES (2, 'Bob Smith', 1, 85000, true)
13:29:25.340 [main] DEBUG com.memgres.transaction.TransactionContext -- Cleared transaction context for thread main (was transaction 3)
13:29:25.341 [main] DEBUG com.memgres.transaction.Transaction -- Created transaction 4 with isolation level READ COMMITTED
13:29:25.341 [main] DEBUG com.memgres.transaction.TransactionManager -- Started transaction 4 with isolation level READ COMMITTED
13:29:25.341 [main] DEBUG com.memgres.transaction.TransactionContext -- Set transaction context for thread main to transaction 4
13:29:25.341 [main] DEBUG com.memgres.storage.Table -- Inserted row 3 into table employees
13:29:25.341 [main] DEBUG com.memgres.sql.execution.StatementExecutor -- INSERT executed: 1 rows inserted into employees
13:29:25.341 [main] DEBUG com.memgres.transaction.Transaction -- Transaction 4 committed successfully
13:29:25.341 [main] DEBUG com.memgres.transaction.TransactionManager -- Committed transaction 4
13:29:25.341 [main] DEBUG com.memgres.sql.execution.SqlExecutionEngine -- Successfully executed SQL: INSERT INTO employees VALUES (3, 'Carol White', 2, 75000, true)
13:29:25.341 [main] DEBUG com.memgres.transaction.TransactionContext -- Cleared transaction context for thread main (was transaction 4)
13:29:25.341 [main] DEBUG com.memgres.transaction.Transaction -- Created transaction 5 with isolation level READ COMMITTED
13:29:25.341 [main] DEBUG com.memgres.transaction.TransactionManager -- Started transaction 5 with isolation level READ COMMITTED
13:29:25.341 [main] DEBUG com.memgres.transaction.TransactionContext -- Set transaction context for thread main to transaction 5
13:29:25.341 [main] DEBUG com.memgres.storage.Table -- Inserted row 4 into table employees
13:29:25.341 [main] DEBUG com.memgres.sql.execution.StatementExecutor -- INSERT executed: 1 rows inserted into employees
13:29:25.341 [main] DEBUG com.memgres.transaction.Transaction -- Transaction 5 committed successfully
13:29:25.341 [main] DEBUG com.memgres.transaction.TransactionManager -- Committed transaction 5
13:29:25.341 [main] DEBUG com.memgres.sql.execution.SqlExecutionEngine -- Successfully executed SQL: INSERT INTO employees VALUES (4, 'David Brown', 2, 70000, false)
13:29:25.341 [main] DEBUG com.memgres.transaction.TransactionContext -- Cleared transaction context for thread main (was transaction 5)
13:29:25.341 [main] DEBUG com.memgres.transaction.Transaction -- Created transaction 6 with isolation level READ COMMITTED
13:29:25.341 [main] DEBUG com.memgres.transaction.TransactionManager -- Started transaction 6 with isolation level READ COMMITTED
13:29:25.341 [main] DEBUG com.memgres.transaction.TransactionContext -- Set transaction context for thread main to transaction 6
13:29:25.341 [main] DEBUG com.memgres.storage.Table -- Inserted row 5 into table employees
13:29:25.341 [main] DEBUG com.memgres.sql.execution.StatementExecutor -- INSERT executed: 1 rows inserted into employees
13:29:25.341 [main] DEBUG com.memgres.transaction.Transaction -- Transaction 6 committed successfully
13:29:25.341 [main] DEBUG com.memgres.transaction.TransactionManager -- Committed transaction 6
13:29:25.341 [main] DEBUG com.memgres.sql.execution.SqlExecutionEngine -- Successfully executed SQL: INSERT INTO employees VALUES (5, 'Eve Davis', 3, 65000, true)
13:29:25.341 [main] DEBUG com.memgres.transaction.TransactionContext -- Cleared transaction context for thread main (was transaction 6)
13:29:25.341 [main] DEBUG com.memgres.transaction.Transaction -- Created transaction 7 with isolation level READ COMMITTED
13:29:25.341 [main] DEBUG com.memgres.transaction.TransactionManager -- Started transaction 7 with isolation level READ COMMITTED
13:29:25.341 [main] DEBUG com.memgres.transaction.TransactionContext -- Set transaction context for thread main to transaction 7
13:29:25.341 [main] DEBUG com.memgres.storage.Table -- Inserted row 6 into table employees
13:29:25.341 [main] DEBUG com.memgres.sql.execution.StatementExecutor -- INSERT executed: 1 rows inserted into employees
13:29:25.341 [main] DEBUG com.memgres.transaction.Transaction -- Transaction 7 committed successfully
13:29:25.341 [main] DEBUG com.memgres.transaction.TransactionManager -- Committed transaction 7
13:29:25.341 [main] DEBUG com.memgres.sql.execution.SqlExecutionEngine -- Successfully executed SQL: INSERT INTO employees VALUES (6, 'Frank Wilson', 1, 50000, true)
13:29:25.341 [main] DEBUG com.memgres.transaction.TransactionContext -- Cleared transaction context for thread main (was transaction 7)
13:29:25.341 [main] INFO com.memgres.sql.AggregationIntegrationTest -- Test table created: employees (6 rows)
13:29:25.341 [main] INFO com.memgres.sql.AggregationIntegrationTest -- Aggregation test setup complete
13:29:25.341 [main] INFO com.memgres.sql.AggregationIntegrationTest -- Testing AVG function
13:29:25.341 [main] DEBUG com.memgres.transaction.Transaction -- Created transaction 8 with isolation level READ COMMITTED
13:29:25.341 [main] DEBUG com.memgres.transaction.TransactionManager -- Started transaction 8 with isolation level READ COMMITTED
13:29:25.341 [main] DEBUG com.memgres.transaction.TransactionContext -- Set transaction context for thread main to transaction 8
13:29:25.341 [main] DEBUG com.memgres.sql.execution.StatementExecutor -- SELECT executed: 1 rows returned
13:29:25.341 [main] DEBUG com.memgres.transaction.Transaction -- Transaction 8 committed successfully
13:29:25.341 [main] DEBUG com.memgres.transaction.TransactionManager -- Committed transaction 8
13:29:25.341 [main] DEBUG com.memgres.sql.execution.SqlExecutionEngine -- Successfully executed SQL: SELECT AVG(salary) as avg_salary FROM employees WHERE active = true
13:29:25.341 [main] DEBUG com.memgres.transaction.TransactionContext -- Cleared transaction context for thread main (was transaction 8)
13:29:25.341 [main] INFO com.memgres.sql.AggregationIntegrationTest -- AVG function test passed
13:29:25.341 [main] INFO com.memgres.transaction.TransactionManager -- Shutting down transaction manager with 0 active transactions
13:29:25.342 [main] INFO com.memgres.transaction.TransactionManager -- Transaction manager shutdown complete
13:29:25.342 [main] INFO com.memgres.core.MemGresEngine -- MemGres Engine shutdown successfully
13:29:25.342 [main] INFO com.memgres.sql.AggregationIntegrationTest -- Aggregation test teardown complete
]]></system-out>
  </testcase>
  <testcase name="testMinMaxFunctions" classname="com.memgres.sql.AggregationIntegrationTest" time="0.001">
    <system-out><![CDATA[13:29:25.342 [main] INFO com.memgres.transaction.TransactionManager -- Transaction manager initialized
13:29:25.342 [main] INFO com.memgres.core.MemGresEngine -- MemGres Engine created
13:29:25.342 [main] DEBUG com.memgres.storage.Schema -- Created schema: public
13:29:25.342 [main] INFO com.memgres.core.MemGresEngine -- MemGres Engine initialized successfully
13:29:25.342 [main] DEBUG com.memgres.transaction.Transaction -- Created transaction 1 with isolation level READ COMMITTED
13:29:25.342 [main] DEBUG com.memgres.transaction.TransactionManager -- Started transaction 1 with isolation level READ COMMITTED
13:29:25.342 [main] DEBUG com.memgres.transaction.TransactionContext -- Set transaction context for thread main to transaction 1
13:29:25.342 [main] DEBUG com.memgres.storage.Table -- Created table: employees with 5 columns
13:29:25.342 [main] DEBUG com.memgres.storage.Schema -- Created table employees in schema public
13:29:25.342 [main] DEBUG com.memgres.sql.execution.StatementExecutor -- CREATE TABLE executed: employees created
13:29:25.342 [main] DEBUG com.memgres.transaction.Transaction -- Transaction 1 committed successfully
13:29:25.342 [main] DEBUG com.memgres.transaction.TransactionManager -- Committed transaction 1
13:29:25.342 [main] DEBUG com.memgres.sql.execution.SqlExecutionEngine -- Successfully executed SQL:     CREATE TABLE employees (
        emp_id INTEGER,
        name VARCHAR(255),
        dept_id INTEGER,
        salary INTEGER,
        active BOOLEAN
    )

13:29:25.342 [main] DEBUG com.memgres.transaction.TransactionContext -- Cleared transaction context for thread main (was transaction 1)
13:29:25.342 [main] DEBUG com.memgres.transaction.Transaction -- Created transaction 2 with isolation level READ COMMITTED
13:29:25.342 [main] DEBUG com.memgres.transaction.TransactionManager -- Started transaction 2 with isolation level READ COMMITTED
13:29:25.342 [main] DEBUG com.memgres.transaction.TransactionContext -- Set transaction context for thread main to transaction 2
13:29:25.342 [main] DEBUG com.memgres.storage.Table -- Inserted row 1 into table employees
13:29:25.342 [main] DEBUG com.memgres.sql.execution.StatementExecutor -- INSERT executed: 1 rows inserted into employees
13:29:25.342 [main] DEBUG com.memgres.transaction.Transaction -- Transaction 2 committed successfully
13:29:25.342 [main] DEBUG com.memgres.transaction.TransactionManager -- Committed transaction 2
13:29:25.342 [main] DEBUG com.memgres.sql.execution.SqlExecutionEngine -- Successfully executed SQL: INSERT INTO employees VALUES (1, 'Alice Johnson', 1, 90000, true)
13:29:25.342 [main] DEBUG com.memgres.transaction.TransactionContext -- Cleared transaction context for thread main (was transaction 2)
13:29:25.342 [main] DEBUG com.memgres.transaction.Transaction -- Created transaction 3 with isolation level READ COMMITTED
13:29:25.342 [main] DEBUG com.memgres.transaction.TransactionManager -- Started transaction 3 with isolation level READ COMMITTED
13:29:25.342 [main] DEBUG com.memgres.transaction.TransactionContext -- Set transaction context for thread main to transaction 3
13:29:25.342 [main] DEBUG com.memgres.storage.Table -- Inserted row 2 into table employees
13:29:25.342 [main] DEBUG com.memgres.sql.execution.StatementExecutor -- INSERT executed: 1 rows inserted into employees
13:29:25.342 [main] DEBUG com.memgres.transaction.Transaction -- Transaction 3 committed successfully
13:29:25.342 [main] DEBUG com.memgres.transaction.TransactionManager -- Committed transaction 3
13:29:25.342 [main] DEBUG com.memgres.sql.execution.SqlExecutionEngine -- Successfully executed SQL: INSERT INTO employees VALUES (2, 'Bob Smith', 1, 85000, true)
13:29:25.342 [main] DEBUG com.memgres.transaction.TransactionContext -- Cleared transaction context for thread main (was transaction 3)
13:29:25.342 [main] DEBUG com.memgres.transaction.Transaction -- Created transaction 4 with isolation level READ COMMITTED
13:29:25.342 [main] DEBUG com.memgres.transaction.TransactionManager -- Started transaction 4 with isolation level READ COMMITTED
13:29:25.342 [main] DEBUG com.memgres.transaction.TransactionContext -- Set transaction context for thread main to transaction 4
13:29:25.342 [main] DEBUG com.memgres.storage.Table -- Inserted row 3 into table employees
13:29:25.342 [main] DEBUG com.memgres.sql.execution.StatementExecutor -- INSERT executed: 1 rows inserted into employees
13:29:25.342 [main] DEBUG com.memgres.transaction.Transaction -- Transaction 4 committed successfully
13:29:25.342 [main] DEBUG com.memgres.transaction.TransactionManager -- Committed transaction 4
13:29:25.342 [main] DEBUG com.memgres.sql.execution.SqlExecutionEngine -- Successfully executed SQL: INSERT INTO employees VALUES (3, 'Carol White', 2, 75000, true)
13:29:25.342 [main] DEBUG com.memgres.transaction.TransactionContext -- Cleared transaction context for thread main (was transaction 4)
13:29:25.342 [main] DEBUG com.memgres.transaction.Transaction -- Created transaction 5 with isolation level READ COMMITTED
13:29:25.342 [main] DEBUG com.memgres.transaction.TransactionManager -- Started transaction 5 with isolation level READ COMMITTED
13:29:25.342 [main] DEBUG com.memgres.transaction.TransactionContext -- Set transaction context for thread main to transaction 5
13:29:25.342 [main] DEBUG com.memgres.storage.Table -- Inserted row 4 into table employees
13:29:25.342 [main] DEBUG com.memgres.sql.execution.StatementExecutor -- INSERT executed: 1 rows inserted into employees
13:29:25.342 [main] DEBUG com.memgres.transaction.Transaction -- Transaction 5 committed successfully
13:29:25.342 [main] DEBUG com.memgres.transaction.TransactionManager -- Committed transaction 5
13:29:25.342 [main] DEBUG com.memgres.sql.execution.SqlExecutionEngine -- Successfully executed SQL: INSERT INTO employees VALUES (4, 'David Brown', 2, 70000, false)
13:29:25.342 [main] DEBUG com.memgres.transaction.TransactionContext -- Cleared transaction context for thread main (was transaction 5)
13:29:25.342 [main] DEBUG com.memgres.transaction.Transaction -- Created transaction 6 with isolation level READ COMMITTED
13:29:25.342 [main] DEBUG com.memgres.transaction.TransactionManager -- Started transaction 6 with isolation level READ COMMITTED
13:29:25.342 [main] DEBUG com.memgres.transaction.TransactionContext -- Set transaction context for thread main to transaction 6
13:29:25.342 [main] DEBUG com.memgres.storage.Table -- Inserted row 5 into table employees
13:29:25.342 [main] DEBUG com.memgres.sql.execution.StatementExecutor -- INSERT executed: 1 rows inserted into employees
13:29:25.342 [main] DEBUG com.memgres.transaction.Transaction -- Transaction 6 committed successfully
13:29:25.342 [main] DEBUG com.memgres.transaction.TransactionManager -- Committed transaction 6
13:29:25.342 [main] DEBUG com.memgres.sql.execution.SqlExecutionEngine -- Successfully executed SQL: INSERT INTO employees VALUES (5, 'Eve Davis', 3, 65000, true)
13:29:25.342 [main] DEBUG com.memgres.transaction.TransactionContext -- Cleared transaction context for thread main (was transaction 6)
13:29:25.343 [main] DEBUG com.memgres.transaction.Transaction -- Created transaction 7 with isolation level READ COMMITTED
13:29:25.343 [main] DEBUG com.memgres.transaction.TransactionManager -- Started transaction 7 with isolation level READ COMMITTED
13:29:25.343 [main] DEBUG com.memgres.transaction.TransactionContext -- Set transaction context for thread main to transaction 7
13:29:25.343 [main] DEBUG com.memgres.storage.Table -- Inserted row 6 into table employees
13:29:25.343 [main] DEBUG com.memgres.sql.execution.StatementExecutor -- INSERT executed: 1 rows inserted into employees
13:29:25.343 [main] DEBUG com.memgres.transaction.Transaction -- Transaction 7 committed successfully
13:29:25.343 [main] DEBUG com.memgres.transaction.TransactionManager -- Committed transaction 7
13:29:25.343 [main] DEBUG com.memgres.sql.execution.SqlExecutionEngine -- Successfully executed SQL: INSERT INTO employees VALUES (6, 'Frank Wilson', 1, 50000, true)
13:29:25.343 [main] DEBUG com.memgres.transaction.TransactionContext -- Cleared transaction context for thread main (was transaction 7)
13:29:25.343 [main] INFO com.memgres.sql.AggregationIntegrationTest -- Test table created: employees (6 rows)
13:29:25.343 [main] INFO com.memgres.sql.AggregationIntegrationTest -- Aggregation test setup complete
13:29:25.343 [main] INFO com.memgres.sql.AggregationIntegrationTest -- Testing MIN and MAX functions
13:29:25.343 [main] DEBUG com.memgres.transaction.Transaction -- Created transaction 8 with isolation level READ COMMITTED
13:29:25.343 [main] DEBUG com.memgres.transaction.TransactionManager -- Started transaction 8 with isolation level READ COMMITTED
13:29:25.343 [main] DEBUG com.memgres.transaction.TransactionContext -- Set transaction context for thread main to transaction 8
13:29:25.343 [main] DEBUG com.memgres.sql.execution.StatementExecutor -- SELECT executed: 1 rows returned
13:29:25.343 [main] DEBUG com.memgres.transaction.Transaction -- Transaction 8 committed successfully
13:29:25.343 [main] DEBUG com.memgres.transaction.TransactionManager -- Committed transaction 8
13:29:25.343 [main] DEBUG com.memgres.sql.execution.SqlExecutionEngine -- Successfully executed SQL: SELECT MIN(salary) as min_salary, MAX(salary) as max_salary FROM employees WHERE active = true
13:29:25.343 [main] DEBUG com.memgres.transaction.TransactionContext -- Cleared transaction context for thread main (was transaction 8)
13:29:25.343 [main] INFO com.memgres.sql.AggregationIntegrationTest -- MIN/MAX functions test passed
13:29:25.343 [main] INFO com.memgres.transaction.TransactionManager -- Shutting down transaction manager with 0 active transactions
13:29:25.343 [main] INFO com.memgres.transaction.TransactionManager -- Transaction manager shutdown complete
13:29:25.343 [main] INFO com.memgres.core.MemGresEngine -- MemGres Engine shutdown successfully
13:29:25.343 [main] INFO com.memgres.sql.AggregationIntegrationTest -- Aggregation test teardown complete
]]></system-out>
  </testcase>
  <testcase name="testGroupByWithSum" classname="com.memgres.sql.AggregationIntegrationTest" time="0.001">
    <system-out><![CDATA[13:29:25.343 [main] INFO com.memgres.transaction.TransactionManager -- Transaction manager initialized
13:29:25.343 [main] INFO com.memgres.core.MemGresEngine -- MemGres Engine created
13:29:25.343 [main] DEBUG com.memgres.storage.Schema -- Created schema: public
13:29:25.343 [main] INFO com.memgres.core.MemGresEngine -- MemGres Engine initialized successfully
13:29:25.343 [main] DEBUG com.memgres.transaction.Transaction -- Created transaction 1 with isolation level READ COMMITTED
13:29:25.343 [main] DEBUG com.memgres.transaction.TransactionManager -- Started transaction 1 with isolation level READ COMMITTED
13:29:25.343 [main] DEBUG com.memgres.transaction.TransactionContext -- Set transaction context for thread main to transaction 1
13:29:25.343 [main] DEBUG com.memgres.storage.Table -- Created table: employees with 5 columns
13:29:25.343 [main] DEBUG com.memgres.storage.Schema -- Created table employees in schema public
13:29:25.343 [main] DEBUG com.memgres.sql.execution.StatementExecutor -- CREATE TABLE executed: employees created
13:29:25.343 [main] DEBUG com.memgres.transaction.Transaction -- Transaction 1 committed successfully
13:29:25.343 [main] DEBUG com.memgres.transaction.TransactionManager -- Committed transaction 1
13:29:25.343 [main] DEBUG com.memgres.sql.execution.SqlExecutionEngine -- Successfully executed SQL:     CREATE TABLE employees (
        emp_id INTEGER,
        name VARCHAR(255),
        dept_id INTEGER,
        salary INTEGER,
        active BOOLEAN
    )

13:29:25.343 [main] DEBUG com.memgres.transaction.TransactionContext -- Cleared transaction context for thread main (was transaction 1)
13:29:25.343 [main] DEBUG com.memgres.transaction.Transaction -- Created transaction 2 with isolation level READ COMMITTED
13:29:25.343 [main] DEBUG com.memgres.transaction.TransactionManager -- Started transaction 2 with isolation level READ COMMITTED
13:29:25.343 [main] DEBUG com.memgres.transaction.TransactionContext -- Set transaction context for thread main to transaction 2
13:29:25.343 [main] DEBUG com.memgres.storage.Table -- Inserted row 1 into table employees
13:29:25.343 [main] DEBUG com.memgres.sql.execution.StatementExecutor -- INSERT executed: 1 rows inserted into employees
13:29:25.343 [main] DEBUG com.memgres.transaction.Transaction -- Transaction 2 committed successfully
13:29:25.343 [main] DEBUG com.memgres.transaction.TransactionManager -- Committed transaction 2
13:29:25.343 [main] DEBUG com.memgres.sql.execution.SqlExecutionEngine -- Successfully executed SQL: INSERT INTO employees VALUES (1, 'Alice Johnson', 1, 90000, true)
13:29:25.343 [main] DEBUG com.memgres.transaction.TransactionContext -- Cleared transaction context for thread main (was transaction 2)
13:29:25.343 [main] DEBUG com.memgres.transaction.Transaction -- Created transaction 3 with isolation level READ COMMITTED
13:29:25.343 [main] DEBUG com.memgres.transaction.TransactionManager -- Started transaction 3 with isolation level READ COMMITTED
13:29:25.343 [main] DEBUG com.memgres.transaction.TransactionContext -- Set transaction context for thread main to transaction 3
13:29:25.343 [main] DEBUG com.memgres.storage.Table -- Inserted row 2 into table employees
13:29:25.343 [main] DEBUG com.memgres.sql.execution.StatementExecutor -- INSERT executed: 1 rows inserted into employees
13:29:25.343 [main] DEBUG com.memgres.transaction.Transaction -- Transaction 3 committed successfully
13:29:25.343 [main] DEBUG com.memgres.transaction.TransactionManager -- Committed transaction 3
13:29:25.343 [main] DEBUG com.memgres.sql.execution.SqlExecutionEngine -- Successfully executed SQL: INSERT INTO employees VALUES (2, 'Bob Smith', 1, 85000, true)
13:29:25.343 [main] DEBUG com.memgres.transaction.TransactionContext -- Cleared transaction context for thread main (was transaction 3)
13:29:25.344 [main] DEBUG com.memgres.transaction.Transaction -- Created transaction 4 with isolation level READ COMMITTED
13:29:25.344 [main] DEBUG com.memgres.transaction.TransactionManager -- Started transaction 4 with isolation level READ COMMITTED
13:29:25.344 [main] DEBUG com.memgres.transaction.TransactionContext -- Set transaction context for thread main to transaction 4
13:29:25.344 [main] DEBUG com.memgres.storage.Table -- Inserted row 3 into table employees
13:29:25.344 [main] DEBUG com.memgres.sql.execution.StatementExecutor -- INSERT executed: 1 rows inserted into employees
13:29:25.344 [main] DEBUG com.memgres.transaction.Transaction -- Transaction 4 committed successfully
13:29:25.344 [main] DEBUG com.memgres.transaction.TransactionManager -- Committed transaction 4
13:29:25.344 [main] DEBUG com.memgres.sql.execution.SqlExecutionEngine -- Successfully executed SQL: INSERT INTO employees VALUES (3, 'Carol White', 2, 75000, true)
13:29:25.344 [main] DEBUG com.memgres.transaction.TransactionContext -- Cleared transaction context for thread main (was transaction 4)
13:29:25.344 [main] DEBUG com.memgres.transaction.Transaction -- Created transaction 5 with isolation level READ COMMITTED
13:29:25.344 [main] DEBUG com.memgres.transaction.TransactionManager -- Started transaction 5 with isolation level READ COMMITTED
13:29:25.344 [main] DEBUG com.memgres.transaction.TransactionContext -- Set transaction context for thread main to transaction 5
13:29:25.344 [main] DEBUG com.memgres.storage.Table -- Inserted row 4 into table employees
13:29:25.344 [main] DEBUG com.memgres.sql.execution.StatementExecutor -- INSERT executed: 1 rows inserted into employees
13:29:25.344 [main] DEBUG com.memgres.transaction.Transaction -- Transaction 5 committed successfully
13:29:25.344 [main] DEBUG com.memgres.transaction.TransactionManager -- Committed transaction 5
13:29:25.344 [main] DEBUG com.memgres.sql.execution.SqlExecutionEngine -- Successfully executed SQL: INSERT INTO employees VALUES (4, 'David Brown', 2, 70000, false)
13:29:25.344 [main] DEBUG com.memgres.transaction.TransactionContext -- Cleared transaction context for thread main (was transaction 5)
13:29:25.344 [main] DEBUG com.memgres.transaction.Transaction -- Created transaction 6 with isolation level READ COMMITTED
13:29:25.344 [main] DEBUG com.memgres.transaction.TransactionManager -- Started transaction 6 with isolation level READ COMMITTED
13:29:25.344 [main] DEBUG com.memgres.transaction.TransactionContext -- Set transaction context for thread main to transaction 6
13:29:25.344 [main] DEBUG com.memgres.storage.Table -- Inserted row 5 into table employees
13:29:25.344 [main] DEBUG com.memgres.sql.execution.StatementExecutor -- INSERT executed: 1 rows inserted into employees
13:29:25.344 [main] DEBUG com.memgres.transaction.Transaction -- Transaction 6 committed successfully
13:29:25.344 [main] DEBUG com.memgres.transaction.TransactionManager -- Committed transaction 6
13:29:25.344 [main] DEBUG com.memgres.sql.execution.SqlExecutionEngine -- Successfully executed SQL: INSERT INTO employees VALUES (5, 'Eve Davis', 3, 65000, true)
13:29:25.344 [main] DEBUG com.memgres.transaction.TransactionContext -- Cleared transaction context for thread main (was transaction 6)
13:29:25.344 [main] DEBUG com.memgres.transaction.Transaction -- Created transaction 7 with isolation level READ COMMITTED
13:29:25.344 [main] DEBUG com.memgres.transaction.TransactionManager -- Started transaction 7 with isolation level READ COMMITTED
13:29:25.344 [main] DEBUG com.memgres.transaction.TransactionContext -- Set transaction context for thread main to transaction 7
13:29:25.344 [main] DEBUG com.memgres.storage.Table -- Inserted row 6 into table employees
13:29:25.344 [main] DEBUG com.memgres.sql.execution.StatementExecutor -- INSERT executed: 1 rows inserted into employees
13:29:25.344 [main] DEBUG com.memgres.transaction.Transaction -- Transaction 7 committed successfully
13:29:25.344 [main] DEBUG com.memgres.transaction.TransactionManager -- Committed transaction 7
13:29:25.344 [main] DEBUG com.memgres.sql.execution.SqlExecutionEngine -- Successfully executed SQL: INSERT INTO employees VALUES (6, 'Frank Wilson', 1, 50000, true)
13:29:25.344 [main] DEBUG com.memgres.transaction.TransactionContext -- Cleared transaction context for thread main (was transaction 7)
13:29:25.344 [main] INFO com.memgres.sql.AggregationIntegrationTest -- Test table created: employees (6 rows)
13:29:25.344 [main] INFO com.memgres.sql.AggregationIntegrationTest -- Aggregation test setup complete
13:29:25.344 [main] INFO com.memgres.sql.AggregationIntegrationTest -- Testing GROUP BY with SUM
13:29:25.344 [main] DEBUG com.memgres.transaction.Transaction -- Created transaction 8 with isolation level READ COMMITTED
13:29:25.344 [main] DEBUG com.memgres.transaction.TransactionManager -- Started transaction 8 with isolation level READ COMMITTED
13:29:25.344 [main] DEBUG com.memgres.transaction.TransactionContext -- Set transaction context for thread main to transaction 8
13:29:25.344 [main] DEBUG com.memgres.sql.execution.StatementExecutor -- SELECT executed: 3 rows returned
13:29:25.344 [main] DEBUG com.memgres.transaction.Transaction -- Transaction 8 committed successfully
13:29:25.344 [main] DEBUG com.memgres.transaction.TransactionManager -- Committed transaction 8
13:29:25.344 [main] DEBUG com.memgres.sql.execution.SqlExecutionEngine -- Successfully executed SQL: SELECT dept_id, SUM(salary) as total_salary FROM employees WHERE active = true GROUP BY dept_id
13:29:25.344 [main] DEBUG com.memgres.transaction.TransactionContext -- Cleared transaction context for thread main (was transaction 8)
13:29:25.344 [main] INFO com.memgres.sql.AggregationIntegrationTest -- GROUP BY with SUM test passed
13:29:25.344 [main] INFO com.memgres.transaction.TransactionManager -- Shutting down transaction manager with 0 active transactions
13:29:25.344 [main] INFO com.memgres.transaction.TransactionManager -- Transaction manager shutdown complete
13:29:25.344 [main] INFO com.memgres.core.MemGresEngine -- MemGres Engine shutdown successfully
13:29:25.344 [main] INFO com.memgres.sql.AggregationIntegrationTest -- Aggregation test teardown complete
]]></system-out>
  </testcase>
  <testcase name="testGroupByWithCount" classname="com.memgres.sql.AggregationIntegrationTest" time="0.002">
    <system-out><![CDATA[13:29:25.344 [main] INFO com.memgres.transaction.TransactionManager -- Transaction manager initialized
13:29:25.344 [main] INFO com.memgres.core.MemGresEngine -- MemGres Engine created
13:29:25.344 [main] DEBUG com.memgres.storage.Schema -- Created schema: public
13:29:25.344 [main] INFO com.memgres.core.MemGresEngine -- MemGres Engine initialized successfully
13:29:25.344 [main] DEBUG com.memgres.transaction.Transaction -- Created transaction 1 with isolation level READ COMMITTED
13:29:25.344 [main] DEBUG com.memgres.transaction.TransactionManager -- Started transaction 1 with isolation level READ COMMITTED
13:29:25.344 [main] DEBUG com.memgres.transaction.TransactionContext -- Set transaction context for thread main to transaction 1
13:29:25.344 [main] DEBUG com.memgres.storage.Table -- Created table: employees with 5 columns
13:29:25.344 [main] DEBUG com.memgres.storage.Schema -- Created table employees in schema public
13:29:25.344 [main] DEBUG com.memgres.sql.execution.StatementExecutor -- CREATE TABLE executed: employees created
13:29:25.344 [main] DEBUG com.memgres.transaction.Transaction -- Transaction 1 committed successfully
13:29:25.344 [main] DEBUG com.memgres.transaction.TransactionManager -- Committed transaction 1
13:29:25.344 [main] DEBUG com.memgres.sql.execution.SqlExecutionEngine -- Successfully executed SQL:     CREATE TABLE employees (
        emp_id INTEGER,
        name VARCHAR(255),
        dept_id INTEGER,
        salary INTEGER,
        active BOOLEAN
    )

13:29:25.344 [main] DEBUG com.memgres.transaction.TransactionContext -- Cleared transaction context for thread main (was transaction 1)
13:29:25.345 [main] DEBUG com.memgres.transaction.Transaction -- Created transaction 2 with isolation level READ COMMITTED
13:29:25.345 [main] DEBUG com.memgres.transaction.TransactionManager -- Started transaction 2 with isolation level READ COMMITTED
13:29:25.345 [main] DEBUG com.memgres.transaction.TransactionContext -- Set transaction context for thread main to transaction 2
13:29:25.345 [main] DEBUG com.memgres.storage.Table -- Inserted row 1 into table employees
13:29:25.345 [main] DEBUG com.memgres.sql.execution.StatementExecutor -- INSERT executed: 1 rows inserted into employees
13:29:25.345 [main] DEBUG com.memgres.transaction.Transaction -- Transaction 2 committed successfully
13:29:25.345 [main] DEBUG com.memgres.transaction.TransactionManager -- Committed transaction 2
13:29:25.345 [main] DEBUG com.memgres.sql.execution.SqlExecutionEngine -- Successfully executed SQL: INSERT INTO employees VALUES (1, 'Alice Johnson', 1, 90000, true)
13:29:25.345 [main] DEBUG com.memgres.transaction.TransactionContext -- Cleared transaction context for thread main (was transaction 2)
13:29:25.345 [main] DEBUG com.memgres.transaction.Transaction -- Created transaction 3 with isolation level READ COMMITTED
13:29:25.345 [main] DEBUG com.memgres.transaction.TransactionManager -- Started transaction 3 with isolation level READ COMMITTED
13:29:25.345 [main] DEBUG com.memgres.transaction.TransactionContext -- Set transaction context for thread main to transaction 3
13:29:25.345 [main] DEBUG com.memgres.storage.Table -- Inserted row 2 into table employees
13:29:25.345 [main] DEBUG com.memgres.sql.execution.StatementExecutor -- INSERT executed: 1 rows inserted into employees
13:29:25.345 [main] DEBUG com.memgres.transaction.Transaction -- Transaction 3 committed successfully
13:29:25.345 [main] DEBUG com.memgres.transaction.TransactionManager -- Committed transaction 3
13:29:25.345 [main] DEBUG com.memgres.sql.execution.SqlExecutionEngine -- Successfully executed SQL: INSERT INTO employees VALUES (2, 'Bob Smith', 1, 85000, true)
13:29:25.345 [main] DEBUG com.memgres.transaction.TransactionContext -- Cleared transaction context for thread main (was transaction 3)
13:29:25.345 [main] DEBUG com.memgres.transaction.Transaction -- Created transaction 4 with isolation level READ COMMITTED
13:29:25.345 [main] DEBUG com.memgres.transaction.TransactionManager -- Started transaction 4 with isolation level READ COMMITTED
13:29:25.345 [main] DEBUG com.memgres.transaction.TransactionContext -- Set transaction context for thread main to transaction 4
13:29:25.345 [main] DEBUG com.memgres.storage.Table -- Inserted row 3 into table employees
13:29:25.345 [main] DEBUG com.memgres.sql.execution.StatementExecutor -- INSERT executed: 1 rows inserted into employees
13:29:25.345 [main] DEBUG com.memgres.transaction.Transaction -- Transaction 4 committed successfully
13:29:25.345 [main] DEBUG com.memgres.transaction.TransactionManager -- Committed transaction 4
13:29:25.345 [main] DEBUG com.memgres.sql.execution.SqlExecutionEngine -- Successfully executed SQL: INSERT INTO employees VALUES (3, 'Carol White', 2, 75000, true)
13:29:25.345 [main] DEBUG com.memgres.transaction.TransactionContext -- Cleared transaction context for thread main (was transaction 4)
13:29:25.345 [main] DEBUG com.memgres.transaction.Transaction -- Created transaction 5 with isolation level READ COMMITTED
13:29:25.345 [main] DEBUG com.memgres.transaction.TransactionManager -- Started transaction 5 with isolation level READ COMMITTED
13:29:25.345 [main] DEBUG com.memgres.transaction.TransactionContext -- Set transaction context for thread main to transaction 5
13:29:25.345 [main] DEBUG com.memgres.storage.Table -- Inserted row 4 into table employees
13:29:25.345 [main] DEBUG com.memgres.sql.execution.StatementExecutor -- INSERT executed: 1 rows inserted into employees
13:29:25.345 [main] DEBUG com.memgres.transaction.Transaction -- Transaction 5 committed successfully
13:29:25.345 [main] DEBUG com.memgres.transaction.TransactionManager -- Committed transaction 5
13:29:25.345 [main] DEBUG com.memgres.sql.execution.SqlExecutionEngine -- Successfully executed SQL: INSERT INTO employees VALUES (4, 'David Brown', 2, 70000, false)
13:29:25.345 [main] DEBUG com.memgres.transaction.TransactionContext -- Cleared transaction context for thread main (was transaction 5)
13:29:25.345 [main] DEBUG com.memgres.transaction.Transaction -- Created transaction 6 with isolation level READ COMMITTED
13:29:25.345 [main] DEBUG com.memgres.transaction.TransactionManager -- Started transaction 6 with isolation level READ COMMITTED
13:29:25.345 [main] DEBUG com.memgres.transaction.TransactionContext -- Set transaction context for thread main to transaction 6
13:29:25.345 [main] DEBUG com.memgres.storage.Table -- Inserted row 5 into table employees
13:29:25.345 [main] DEBUG com.memgres.sql.execution.StatementExecutor -- INSERT executed: 1 rows inserted into employees
13:29:25.345 [main] DEBUG com.memgres.transaction.Transaction -- Transaction 6 committed successfully
13:29:25.345 [main] DEBUG com.memgres.transaction.TransactionManager -- Committed transaction 6
13:29:25.345 [main] DEBUG com.memgres.sql.execution.SqlExecutionEngine -- Successfully executed SQL: INSERT INTO employees VALUES (5, 'Eve Davis', 3, 65000, true)
13:29:25.345 [main] DEBUG com.memgres.transaction.TransactionContext -- Cleared transaction context for thread main (was transaction 6)
13:29:25.345 [main] DEBUG com.memgres.transaction.Transaction -- Created transaction 7 with isolation level READ COMMITTED
13:29:25.345 [main] DEBUG com.memgres.transaction.TransactionManager -- Started transaction 7 with isolation level READ COMMITTED
13:29:25.345 [main] DEBUG com.memgres.transaction.TransactionContext -- Set transaction context for thread main to transaction 7
13:29:25.345 [main] DEBUG com.memgres.storage.Table -- Inserted row 6 into table employees
13:29:25.345 [main] DEBUG com.memgres.sql.execution.StatementExecutor -- INSERT executed: 1 rows inserted into employees
13:29:25.345 [main] DEBUG com.memgres.transaction.Transaction -- Transaction 7 committed successfully
13:29:25.345 [main] DEBUG com.memgres.transaction.TransactionManager -- Committed transaction 7
13:29:25.345 [main] DEBUG com.memgres.sql.execution.SqlExecutionEngine -- Successfully executed SQL: INSERT INTO employees VALUES (6, 'Frank Wilson', 1, 50000, true)
13:29:25.345 [main] DEBUG com.memgres.transaction.TransactionContext -- Cleared transaction context for thread main (was transaction 7)
13:29:25.345 [main] INFO com.memgres.sql.AggregationIntegrationTest -- Test table created: employees (6 rows)
13:29:25.345 [main] INFO com.memgres.sql.AggregationIntegrationTest -- Aggregation test setup complete
13:29:25.346 [main] INFO com.memgres.sql.AggregationIntegrationTest -- Testing GROUP BY with COUNT
13:29:25.346 [main] DEBUG com.memgres.transaction.Transaction -- Created transaction 8 with isolation level READ COMMITTED
13:29:25.346 [main] DEBUG com.memgres.transaction.TransactionManager -- Started transaction 8 with isolation level READ COMMITTED
13:29:25.346 [main] DEBUG com.memgres.transaction.TransactionContext -- Set transaction context for thread main to transaction 8
13:29:25.346 [main] DEBUG com.memgres.sql.execution.StatementExecutor -- SELECT executed: 3 rows returned
13:29:25.346 [main] DEBUG com.memgres.transaction.Transaction -- Transaction 8 committed successfully
13:29:25.346 [main] DEBUG com.memgres.transaction.TransactionManager -- Committed transaction 8
13:29:25.346 [main] DEBUG com.memgres.sql.execution.SqlExecutionEngine -- Successfully executed SQL: SELECT dept_id, COUNT(*) as emp_count FROM employees GROUP BY dept_id
13:29:25.346 [main] DEBUG com.memgres.transaction.TransactionContext -- Cleared transaction context for thread main (was transaction 8)
13:29:25.346 [main] INFO com.memgres.sql.AggregationIntegrationTest -- GROUP BY with COUNT test passed
13:29:25.346 [main] INFO com.memgres.transaction.TransactionManager -- Shutting down transaction manager with 0 active transactions
13:29:25.346 [main] INFO com.memgres.transaction.TransactionManager -- Transaction manager shutdown complete
13:29:25.346 [main] INFO com.memgres.core.MemGresEngine -- MemGres Engine shutdown successfully
13:29:25.346 [main] INFO com.memgres.sql.AggregationIntegrationTest -- Aggregation test teardown complete
]]></system-out>
  </testcase>
  <testcase name="testSimpleAggregateWithoutGroupBy" classname="com.memgres.sql.AggregationIntegrationTest" time="0.002">
    <system-out><![CDATA[13:29:25.347 [main] INFO com.memgres.transaction.TransactionManager -- Transaction manager initialized
13:29:25.347 [main] INFO com.memgres.core.MemGresEngine -- MemGres Engine created
13:29:25.347 [main] DEBUG com.memgres.storage.Schema -- Created schema: public
13:29:25.347 [main] INFO com.memgres.core.MemGresEngine -- MemGres Engine initialized successfully
13:29:25.347 [main] DEBUG com.memgres.transaction.Transaction -- Created transaction 1 with isolation level READ COMMITTED
13:29:25.347 [main] DEBUG com.memgres.transaction.TransactionManager -- Started transaction 1 with isolation level READ COMMITTED
13:29:25.347 [main] DEBUG com.memgres.transaction.TransactionContext -- Set transaction context for thread main to transaction 1
13:29:25.347 [main] DEBUG com.memgres.storage.Table -- Created table: employees with 5 columns
13:29:25.347 [main] DEBUG com.memgres.storage.Schema -- Created table employees in schema public
13:29:25.347 [main] DEBUG com.memgres.sql.execution.StatementExecutor -- CREATE TABLE executed: employees created
13:29:25.347 [main] DEBUG com.memgres.transaction.Transaction -- Transaction 1 committed successfully
13:29:25.347 [main] DEBUG com.memgres.transaction.TransactionManager -- Committed transaction 1
13:29:25.347 [main] DEBUG com.memgres.sql.execution.SqlExecutionEngine -- Successfully executed SQL:     CREATE TABLE employees (
        emp_id INTEGER,
        name VARCHAR(255),
        dept_id INTEGER,
        salary INTEGER,
        active BOOLEAN
    )

13:29:25.347 [main] DEBUG com.memgres.transaction.TransactionContext -- Cleared transaction context for thread main (was transaction 1)
13:29:25.347 [main] DEBUG com.memgres.transaction.Transaction -- Created transaction 2 with isolation level READ COMMITTED
13:29:25.347 [main] DEBUG com.memgres.transaction.TransactionManager -- Started transaction 2 with isolation level READ COMMITTED
13:29:25.347 [main] DEBUG com.memgres.transaction.TransactionContext -- Set transaction context for thread main to transaction 2
13:29:25.347 [main] DEBUG com.memgres.storage.Table -- Inserted row 1 into table employees
13:29:25.347 [main] DEBUG com.memgres.sql.execution.StatementExecutor -- INSERT executed: 1 rows inserted into employees
13:29:25.347 [main] DEBUG com.memgres.transaction.Transaction -- Transaction 2 committed successfully
13:29:25.347 [main] DEBUG com.memgres.transaction.TransactionManager -- Committed transaction 2
13:29:25.347 [main] DEBUG com.memgres.sql.execution.SqlExecutionEngine -- Successfully executed SQL: INSERT INTO employees VALUES (1, 'Alice Johnson', 1, 90000, true)
13:29:25.347 [main] DEBUG com.memgres.transaction.TransactionContext -- Cleared transaction context for thread main (was transaction 2)
13:29:25.347 [main] DEBUG com.memgres.transaction.Transaction -- Created transaction 3 with isolation level READ COMMITTED
13:29:25.347 [main] DEBUG com.memgres.transaction.TransactionManager -- Started transaction 3 with isolation level READ COMMITTED
13:29:25.347 [main] DEBUG com.memgres.transaction.TransactionContext -- Set transaction context for thread main to transaction 3
13:29:25.347 [main] DEBUG com.memgres.storage.Table -- Inserted row 2 into table employees
13:29:25.347 [main] DEBUG com.memgres.sql.execution.StatementExecutor -- INSERT executed: 1 rows inserted into employees
13:29:25.347 [main] DEBUG com.memgres.transaction.Transaction -- Transaction 3 committed successfully
13:29:25.347 [main] DEBUG com.memgres.transaction.TransactionManager -- Committed transaction 3
13:29:25.347 [main] DEBUG com.memgres.sql.execution.SqlExecutionEngine -- Successfully executed SQL: INSERT INTO employees VALUES (2, 'Bob Smith', 1, 85000, true)
13:29:25.347 [main] DEBUG com.memgres.transaction.TransactionContext -- Cleared transaction context for thread main (was transaction 3)
13:29:25.347 [main] DEBUG com.memgres.transaction.Transaction -- Created transaction 4 with isolation level READ COMMITTED
13:29:25.347 [main] DEBUG com.memgres.transaction.TransactionManager -- Started transaction 4 with isolation level READ COMMITTED
13:29:25.347 [main] DEBUG com.memgres.transaction.TransactionContext -- Set transaction context for thread main to transaction 4
13:29:25.347 [main] DEBUG com.memgres.storage.Table -- Inserted row 3 into table employees
13:29:25.347 [main] DEBUG com.memgres.sql.execution.StatementExecutor -- INSERT executed: 1 rows inserted into employees
13:29:25.347 [main] DEBUG com.memgres.transaction.Transaction -- Transaction 4 committed successfully
13:29:25.347 [main] DEBUG com.memgres.transaction.TransactionManager -- Committed transaction 4
13:29:25.347 [main] DEBUG com.memgres.sql.execution.SqlExecutionEngine -- Successfully executed SQL: INSERT INTO employees VALUES (3, 'Carol White', 2, 75000, true)
13:29:25.347 [main] DEBUG com.memgres.transaction.TransactionContext -- Cleared transaction context for thread main (was transaction 4)
13:29:25.347 [main] DEBUG com.memgres.transaction.Transaction -- Created transaction 5 with isolation level READ COMMITTED
13:29:25.347 [main] DEBUG com.memgres.transaction.TransactionManager -- Started transaction 5 with isolation level READ COMMITTED
13:29:25.347 [main] DEBUG com.memgres.transaction.TransactionContext -- Set transaction context for thread main to transaction 5
13:29:25.347 [main] DEBUG com.memgres.storage.Table -- Inserted row 4 into table employees
13:29:25.347 [main] DEBUG com.memgres.sql.execution.StatementExecutor -- INSERT executed: 1 rows inserted into employees
13:29:25.347 [main] DEBUG com.memgres.transaction.Transaction -- Transaction 5 committed successfully
13:29:25.347 [main] DEBUG com.memgres.transaction.TransactionManager -- Committed transaction 5
13:29:25.347 [main] DEBUG com.memgres.sql.execution.SqlExecutionEngine -- Successfully executed SQL: INSERT INTO employees VALUES (4, 'David Brown', 2, 70000, false)
13:29:25.347 [main] DEBUG com.memgres.transaction.TransactionContext -- Cleared transaction context for thread main (was transaction 5)
13:29:25.347 [main] DEBUG com.memgres.transaction.Transaction -- Created transaction 6 with isolation level READ COMMITTED
13:29:25.347 [main] DEBUG com.memgres.transaction.TransactionManager -- Started transaction 6 with isolation level READ COMMITTED
13:29:25.348 [main] DEBUG com.memgres.transaction.TransactionContext -- Set transaction context for thread main to transaction 6
13:29:25.348 [main] DEBUG com.memgres.storage.Table -- Inserted row 5 into table employees
13:29:25.348 [main] DEBUG com.memgres.sql.execution.StatementExecutor -- INSERT executed: 1 rows inserted into employees
13:29:25.348 [main] DEBUG com.memgres.transaction.Transaction -- Transaction 6 committed successfully
13:29:25.348 [main] DEBUG com.memgres.transaction.TransactionManager -- Committed transaction 6
13:29:25.348 [main] DEBUG com.memgres.sql.execution.SqlExecutionEngine -- Successfully executed SQL: INSERT INTO employees VALUES (5, 'Eve Davis', 3, 65000, true)
13:29:25.348 [main] DEBUG com.memgres.transaction.TransactionContext -- Cleared transaction context for thread main (was transaction 6)
13:29:25.348 [main] DEBUG com.memgres.transaction.Transaction -- Created transaction 7 with isolation level READ COMMITTED
13:29:25.348 [main] DEBUG com.memgres.transaction.TransactionManager -- Started transaction 7 with isolation level READ COMMITTED
13:29:25.348 [main] DEBUG com.memgres.transaction.TransactionContext -- Set transaction context for thread main to transaction 7
13:29:25.348 [main] DEBUG com.memgres.storage.Table -- Inserted row 6 into table employees
13:29:25.348 [main] DEBUG com.memgres.sql.execution.StatementExecutor -- INSERT executed: 1 rows inserted into employees
13:29:25.348 [main] DEBUG com.memgres.transaction.Transaction -- Transaction 7 committed successfully
13:29:25.348 [main] DEBUG com.memgres.transaction.TransactionManager -- Committed transaction 7
13:29:25.348 [main] DEBUG com.memgres.sql.execution.SqlExecutionEngine -- Successfully executed SQL: INSERT INTO employees VALUES (6, 'Frank Wilson', 1, 50000, true)
13:29:25.348 [main] DEBUG com.memgres.transaction.TransactionContext -- Cleared transaction context for thread main (was transaction 7)
13:29:25.348 [main] INFO com.memgres.sql.AggregationIntegrationTest -- Test table created: employees (6 rows)
13:29:25.348 [main] INFO com.memgres.sql.AggregationIntegrationTest -- Aggregation test setup complete
13:29:25.348 [main] INFO com.memgres.sql.AggregationIntegrationTest -- Testing simple aggregate without GROUP BY
13:29:25.348 [main] DEBUG com.memgres.transaction.Transaction -- Created transaction 8 with isolation level READ COMMITTED
13:29:25.348 [main] DEBUG com.memgres.transaction.TransactionManager -- Started transaction 8 with isolation level READ COMMITTED
13:29:25.348 [main] DEBUG com.memgres.transaction.TransactionContext -- Set transaction context for thread main to transaction 8
13:29:25.348 [main] DEBUG com.memgres.sql.execution.StatementExecutor -- SELECT executed: 1 rows returned
13:29:25.348 [main] DEBUG com.memgres.transaction.Transaction -- Transaction 8 committed successfully
13:29:25.348 [main] DEBUG com.memgres.transaction.TransactionManager -- Committed transaction 8
13:29:25.348 [main] DEBUG com.memgres.sql.execution.SqlExecutionEngine -- Successfully executed SQL: SELECT COUNT(*) as total, AVG(salary) as avg_salary FROM employees
13:29:25.348 [main] DEBUG com.memgres.transaction.TransactionContext -- Cleared transaction context for thread main (was transaction 8)
13:29:25.348 [main] INFO com.memgres.sql.AggregationIntegrationTest -- Simple aggregate without GROUP BY test passed
13:29:25.348 [main] INFO com.memgres.transaction.TransactionManager -- Shutting down transaction manager with 0 active transactions
13:29:25.348 [main] INFO com.memgres.transaction.TransactionManager -- Transaction manager shutdown complete
13:29:25.348 [main] INFO com.memgres.core.MemGresEngine -- MemGres Engine shutdown successfully
13:29:25.348 [main] INFO com.memgres.sql.AggregationIntegrationTest -- Aggregation test teardown complete
]]></system-out>
  </testcase>
</testsuite>