<?xml version="1.0" encoding="UTF-8"?>
<!-- Generated by org.testng.reporters.JUnitReportReporter -->
<testsuite hostname="Sachins-MacBook-Pro.local" failures="0" tests="9" name="com.memgres.testing.MemGresTestNGIntegrationTest" time="0.060" errors="0" timestamp="2025-08-10T19:47:07 BST" skipped="0">
  <testcase classname="com.memgres.testing.MemGresTestNGIntegrationTest" name="testMethodLevelAnnotationWithManualEngineRetrieval" time="0.001"/>
  <testcase classname="com.memgres.testing.MemGresTestNGIntegrationTest" name="testTransactionalMode" time="0.001"/>
  <testcase classname="com.memgres.testing.MemGresTestNGIntegrationTest" name="testMethodIsolation2" time="0.000"/>
  <testcase classname="com.memgres.testing.MemGresTestNGIntegrationTest" name="testCustomSchemaConfiguration" time="0.036"/>
  <testcase classname="com.memgres.testing.MemGresTestNGIntegrationTest" name="testMethodIsolation1" time="0.000"/>
  <testcase classname="com.memgres.testing.MemGresTestNGIntegrationTest" name="testJoinOperationsInTestNGEnvironment" time="0.009"/>
  <testcase classname="com.memgres.testing.MemGresTestNGIntegrationTest" name="testConfigurationProviderAvailability" time="0.009"/>
  <testcase classname="com.memgres.testing.MemGresTestNGIntegrationTest" name="testMethodLevelAnnotationWithSqlEngineOperations" time="0.001"/>
  <testcase classname="com.memgres.testing.MemGresTestNGIntegrationTest" name="testMethodLevelAnnotationWithDataSourceOperations" time="0.003"/>
</testsuite> <!-- com.memgres.testing.MemGresTestNGIntegrationTest -->
