<?xml version="1.0" encoding="UTF-8"?>
<!-- Generated by org.testng.reporters.JUnitReportReporter -->
<testsuite hostname="Sachins-MacBook-Pro.local" failures="0" tests="2" name="com.memgres.testing.SimpleTestNGTest" time="0.002" errors="0" timestamp="2025-08-10T14:40:53 BST" skipped="0">
  <testcase classname="com.memgres.testing.SimpleTestNGTest" name="testBasicTestNGIntegration" time="0.001"/>
  <testcase classname="com.memgres.testing.SimpleTestNGTest" name="testTransactionalTestNGIntegration" time="0.001"/>
</testsuite> <!-- com.memgres.testing.SimpleTestNGTest -->
